<?xml version="1.0" ?>
<!DOCTYPE coverage SYSTEM "http://cobertura.sourceforge.net/xml/coverage-04.dtd">
<coverage lines-valid="4309" lines-covered="4234" line-rate="0.9826" branches-valid="1191" branches-covered="1078" branch-rate="0.9051" timestamp="1610279473465" complexity="0" version="0.1">
  <sources>
    <source>C:\Users\Hp\Desktop\sabin\oaf repos\ussd\ussd-sms</source>
  </sources>
  <packages>
    <package name="Roster-endpoints" line-rate="1" branch-rate="1">
      <classes>
        <class name="enrollOrder.js" filename="Roster-endpoints\enrollOrder.js" line-rate="1" branch-rate="1">
          <methods>
            <method name="send_request" hits="22" signature="()V">
              <lines>
                <line number="3" hits="22"/>
              </lines>
            </method>
          </methods>
          <lines>
            <line number="2" hits="5" branch="false"/>
            <line number="3" hits="5" branch="false"/>
            <line number="5" hits="22" branch="false"/>
            <line number="6" hits="22" branch="false"/>
            <line number="7" hits="22" branch="false"/>
            <line number="8" hits="22" branch="false"/>
            <line number="9" hits="22" branch="false"/>
            <line number="10" hits="22" branch="false"/>
            <line number="11" hits="22" branch="false"/>
            <line number="12" hits="22" branch="false"/>
            <line number="13" hits="22" branch="false"/>
            <line number="15" hits="22" branch="false"/>
            <line number="16" hits="22" branch="false"/>
            <line number="17" hits="21" branch="true" condition-coverage="100% (2/2)"/>
            <line number="18" hits="17" branch="false"/>
            <line number="19" hits="17" branch="false"/>
            <line number="21" hits="4" branch="false"/>
            <line number="22" hits="4" branch="false"/>
            <line number="23" hits="4" branch="false"/>
            <line number="26" hits="1" branch="false"/>
            <line number="27" hits="1" branch="false"/>
            <line number="28" hits="1" branch="false"/>
            <line number="29" hits="1" branch="false"/>
            <line number="31" hits="4" branch="false"/>
          </lines>
        </class>
      </classes>
    </package>
    <package name="Roster-endpoints.Fo-info" line-rate="1" branch-rate="1">
      <classes>
        <class name="getFoInfo.js" filename="Roster-endpoints\Fo-info\getFoInfo.js" line-rate="1" branch-rate="1">
          <methods>
            <method name="(anonymous_0)" hits="4" signature="()V">
              <lines>
                <line number="3" hits="4"/>
              </lines>
            </method>
          </methods>
          <lines>
            <line number="2" hits="4" branch="false"/>
            <line number="3" hits="4" branch="false"/>
            <line number="6" hits="4" branch="false"/>
            <line number="7" hits="4" branch="false"/>
            <line number="8" hits="4" branch="false"/>
            <line number="9" hits="4" branch="false"/>
            <line number="10" hits="4" branch="false"/>
            <line number="11" hits="4" branch="false"/>
            <line number="12" hits="4" branch="false"/>
            <line number="13" hits="3" branch="true" condition-coverage="100% (2/2)"/>
            <line number="14" hits="1" branch="false"/>
            <line number="17" hits="1" branch="false"/>
            <line number="18" hits="1" branch="false"/>
            <line number="19" hits="1" branch="false"/>
            <line number="20" hits="1" branch="false"/>
            <line number="23" hits="2" branch="false"/>
            <line number="24" hits="2" branch="false"/>
          </lines>
        </class>
      </classes>
    </package>
    <package name="agrodealer-locator" line-rate="1" branch-rate="0.8332999999999999">
      <classes>
        <class name="agrodealerLocator.js" filename="agrodealer-locator\agrodealerLocator.js" line-rate="1" branch-rate="1">
          <methods>
            <method name="displayDistricts" hits="2" signature="()V">
              <lines>
                <line number="9" hits="2"/>
              </lines>
            </method>
            <method name="(anonymous_1)" hits="8" signature="()V">
              <lines>
                <line number="18" hits="8"/>
              </lines>
            </method>
            <method name="(anonymous_2)" hits="2" signature="()V">
              <lines>
                <line number="27" hits="2"/>
              </lines>
            </method>
            <method name="(anonymous_3)" hits="2" signature="()V">
              <lines>
                <line number="31" hits="2"/>
              </lines>
            </method>
          </methods>
          <lines>
            <line number="1" hits="1" branch="false"/>
            <line number="2" hits="1" branch="false"/>
            <line number="4" hits="1" branch="false"/>
            <line number="5" hits="1" branch="false"/>
            <line number="6" hits="1" branch="false"/>
            <line number="10" hits="2" branch="false"/>
            <line number="11" hits="2" branch="false"/>
            <line number="17" hits="2" branch="false"/>
            <line number="18" hits="2" branch="false"/>
            <line number="19" hits="8" branch="false"/>
            <line number="21" hits="2" branch="false"/>
            <line number="22" hits="2" branch="false"/>
            <line number="26" hits="1" branch="false"/>
            <line number="28" hits="2" branch="false"/>
            <line number="29" hits="2" branch="false"/>
            <line number="32" hits="2" branch="false"/>
            <line number="33" hits="2" branch="false"/>
          </lines>
        </class>
        <class name="getSectors.js" filename="agrodealer-locator\getSectors.js" line-rate="1" branch-rate="0.8332999999999999">
          <methods>
            <method name="(anonymous_0)" hits="2" signature="()V">
              <lines>
                <line number="5" hits="2"/>
              </lines>
            </method>
            <method name="(anonymous_1)" hits="12" signature="()V">
              <lines>
                <line number="24" hits="12"/>
              </lines>
            </method>
          </methods>
          <lines>
            <line number="1" hits="2" branch="false"/>
            <line number="2" hits="2" branch="false"/>
            <line number="5" hits="2" branch="false"/>
            <line number="6" hits="2" branch="false"/>
            <line number="7" hits="2" branch="false"/>
            <line number="8" hits="2" branch="false"/>
            <line number="9" hits="2" branch="false"/>
            <line number="11" hits="2" branch="false"/>
            <line number="13" hits="2" branch="false"/>
            <line number="14" hits="2" branch="false"/>
            <line number="15" hits="12" branch="false"/>
            <line number="16" hits="12" branch="false"/>
            <line number="17" hits="12" branch="false"/>
            <line number="20" hits="2" branch="false"/>
            <line number="21" hits="2" branch="false"/>
            <line number="22" hits="2" branch="false"/>
            <line number="23" hits="2" branch="false"/>
            <line number="24" hits="2" branch="false"/>
            <line number="25" hits="12" branch="false"/>
            <line number="26" hits="12" branch="true" condition-coverage="100% (2/2)"/>
            <line number="27" hits="10" branch="false"/>
            <line number="28" hits="2" branch="true" condition-coverage="50% (1/2)"/>
            <line number="29" hits="2" branch="false"/>
            <line number="30" hits="2" branch="false"/>
            <line number="31" hits="2" branch="false"/>
            <line number="33" hits="12" branch="true" condition-coverage="100% (2/2)"/>
            <line number="34" hits="2" branch="false"/>
            <line number="38" hits="2" branch="false"/>
          </lines>
        </class>
      </classes>
    </package>
    <package name="agrodealer-locator.inputHandlers.js" line-rate="1" branch-rate="1">
      <classes>
        <class name="districtInputHandler.js" filename="agrodealer-locator\inputHandlers.js\districtInputHandler.js" line-rate="1" branch-rate="1">
          <methods>
            <method name="(anonymous_0)" hits="6" signature="()V">
              <lines>
                <line number="14" hits="6"/>
              </lines>
            </method>
            <method name="(anonymous_1)" hits="6" signature="()V">
              <lines>
                <line number="15" hits="6"/>
              </lines>
            </method>
          </methods>
          <lines>
            <line number="1" hits="2" branch="false"/>
            <line number="2" hits="2" branch="false"/>
            <line number="3" hits="2" branch="false"/>
            <line number="5" hits="2" branch="false"/>
            <line number="6" hits="2" branch="false"/>
            <line number="12" hits="2" branch="false"/>
            <line number="15" hits="6" branch="false"/>
            <line number="16" hits="6" branch="false"/>
            <line number="17" hits="6" branch="false"/>
            <line number="18" hits="6" branch="true" condition-coverage="100% (2/2)"/>
            <line number="19" hits="2" branch="false"/>
            <line number="20" hits="2" branch="false"/>
            <line number="21" hits="2" branch="false"/>
            <line number="22" hits="2" branch="false"/>
            <line number="23" hits="2" branch="false"/>
            <line number="24" hits="2" branch="false"/>
            <line number="25" hits="2" branch="false"/>
            <line number="26" hits="2" branch="false"/>
            <line number="27" hits="2" branch="false"/>
            <line number="28" hits="4" branch="true" condition-coverage="100% (2/2)"/>
            <line number="29" hits="2" branch="false"/>
            <line number="30" hits="2" branch="false"/>
            <line number="31" hits="2" branch="false"/>
            <line number="33" hits="2" branch="false"/>
            <line number="34" hits="2" branch="false"/>
          </lines>
        </class>
        <class name="sectorInputHandler.js" filename="agrodealer-locator\inputHandlers.js\sectorInputHandler.js" line-rate="1" branch-rate="1">
          <methods>
            <method name="(anonymous_0)" hits="8" signature="()V">
              <lines>
                <line number="8" hits="8"/>
              </lines>
            </method>
            <method name="(anonymous_1)" hits="8" signature="()V">
              <lines>
                <line number="9" hits="8"/>
              </lines>
            </method>
          </methods>
          <lines>
            <line number="1" hits="3" branch="false"/>
            <line number="2" hits="3" branch="false"/>
            <line number="4" hits="3" branch="false"/>
            <line number="6" hits="3" branch="false"/>
            <line number="9" hits="8" branch="false"/>
            <line number="10" hits="8" branch="false"/>
            <line number="11" hits="8" branch="false"/>
            <line number="12" hits="8" branch="false"/>
            <line number="13" hits="8" branch="false"/>
            <line number="14" hits="8" branch="true" condition-coverage="100% (2/2)"/>
            <line number="15" hits="4" branch="false"/>
            <line number="16" hits="4" branch="false"/>
            <line number="17" hits="4" branch="false"/>
            <line number="23" hits="4" branch="true" condition-coverage="100% (2/2)"/>
            <line number="24" hits="2" branch="false"/>
            <line number="25" hits="2" branch="false"/>
            <line number="33" hits="2" branch="false"/>
            <line number="34" hits="2" branch="false"/>
            <line number="35" hits="2" branch="false"/>
            <line number="38" hits="4" branch="true" condition-coverage="100% (4/4)"/>
            <line number="39" hits="2" branch="false"/>
            <line number="40" hits="2" branch="false"/>
            <line number="41" hits="2" branch="false"/>
            <line number="42" hits="2" branch="false"/>
            <line number="44" hits="2" branch="false"/>
            <line number="45" hits="2" branch="false"/>
          </lines>
        </class>
      </classes>
    </package>
    <package name="agrodealer-locator.translations" line-rate="1" branch-rate="1">
      <classes>
        <class name="index.js" filename="agrodealer-locator\translations\index.js" line-rate="1" branch-rate="1">
          <methods>
          </methods>
          <lines>
            <line number="1" hits="5" branch="false"/>
          </lines>
        </class>
      </classes>
    </package>
    <package name="avocado-trees-ordering" line-rate="0.9649" branch-rate="0.9167000000000001">
      <classes>
        <class name="avocadoTreesOrdering.js" filename="avocado-trees-ordering\avocadoTreesOrdering.js" line-rate="0.963" branch-rate="0.9167000000000001">
          <methods>
            <method name="(anonymous_0)" hits="9" signature="()V">
              <lines>
                <line number="10" hits="9"/>
              </lines>
            </method>
            <method name="(anonymous_1)" hits="5" signature="()V">
              <lines>
                <line number="15" hits="5"/>
              </lines>
            </method>
            <method name="onOrderPlaced" hits="1" signature="()V">
              <lines>
                <line number="40" hits="1"/>
              </lines>
            </method>
            <method name="onOrderConfirmed" hits="6" signature="()V">
              <lines>
                <line number="46" hits="6"/>
              </lines>
            </method>
          </methods>
          <lines>
            <line number="1" hits="1" branch="false"/>
            <line number="2" hits="1" branch="false"/>
            <line number="3" hits="1" branch="false"/>
            <line number="4" hits="1" branch="false"/>
            <line number="5" hits="1" branch="false"/>
            <line number="6" hits="1" branch="false"/>
            <line number="7" hits="1" branch="false"/>
            <line number="8" hits="1" branch="false"/>
            <line number="9" hits="1" branch="false"/>
            <line number="11" hits="9" branch="false"/>
            <line number="12" hits="9" branch="false"/>
            <line number="16" hits="5" branch="false"/>
            <line number="17" hits="5" branch="false"/>
            <line number="18" hits="5" branch="false"/>
            <line number="19" hits="5" branch="false"/>
            <line number="21" hits="5" branch="false"/>
            <line number="22" hits="5" branch="false"/>
            <line number="23" hits="5" branch="false"/>
            <line number="25" hits="5" branch="true" condition-coverage="100% (2/2)"/>
            <line number="26" hits="2" branch="true" condition-coverage="100% (2/2)"/>
            <line number="27" hits="1" branch="false"/>
            <line number="28" hits="1" branch="false"/>
            <line number="31" hits="1" branch="false"/>
            <line number="35" hits="3" branch="false"/>
            <line number="41" hits="1" branch="false"/>
            <line number="42" hits="1" branch="false"/>
            <line number="43" hits="1" branch="false"/>
            <line number="49" hits="6" branch="false"/>
            <line number="54" hits="6" branch="false"/>
            <line number="55" hits="6" branch="false"/>
            <line number="56" hits="6" branch="true" condition-coverage="100% (2/2)"/>
            <line number="57" hits="2" branch="false"/>
            <line number="58" hits="2" branch="false"/>
            <line number="59" hits="2" branch="true" condition-coverage="50% (1/2)"/>
            <line number="60" hits="2" branch="false"/>
            <line number="61" hits="2" branch="false"/>
            <line number="64" hits="0" branch="false"/>
            <line number="65" hits="0" branch="false"/>
            <line number="68" hits="6" branch="false"/>
            <line number="77" hits="6" branch="true" condition-coverage="100% (2/2)"/>
            <line number="78" hits="2" branch="false"/>
            <line number="79" hits="2" branch="false"/>
            <line number="80" hits="2" branch="true" condition-coverage="100% (2/2)"/>
            <line number="81" hits="1" branch="false"/>
            <line number="82" hits="1" branch="false"/>
            <line number="83" hits="1" branch="false"/>
            <line number="84" hits="1" branch="false"/>
            <line number="87" hits="1" branch="false"/>
            <line number="94" hits="1" branch="false"/>
            <line number="96" hits="2" branch="false"/>
            <line number="97" hits="2" branch="false"/>
            <line number="98" hits="2" branch="false"/>
            <line number="99" hits="2" branch="false"/>
            <line number="102" hits="4" branch="false"/>
          </lines>
        </class>
        <class name="test-client-data.js" filename="avocado-trees-ordering\test-client-data.js" line-rate="1" branch-rate="1">
          <methods>
          </methods>
          <lines>
            <line number="1" hits="3" branch="false"/>
            <line number="69" hits="3" branch="false"/>
          </lines>
        </class>
        <class name="translations.js" filename="avocado-trees-ordering\translations.js" line-rate="1" branch-rate="1">
          <methods>
          </methods>
          <lines>
            <line number="1" hits="5" branch="false"/>
          </lines>
        </class>
      </classes>
    </package>
    <package name="avocado-trees-ordering.avocado-eligibility" line-rate="1" branch-rate="0.9167000000000001">
      <classes>
        <class name="avocadoEligibility.js" filename="avocado-trees-ordering\avocado-eligibility\avocadoEligibility.js" line-rate="1" branch-rate="0.9167000000000001">
          <methods>
            <method name="(anonymous_0)" hits="5" signature="()V">
              <lines>
                <line number="2" hits="5"/>
              </lines>
            </method>
          </methods>
          <lines>
            <line number="2" hits="4" branch="false"/>
            <line number="4" hits="5" branch="false"/>
            <line number="5" hits="5" branch="false"/>
            <line number="6" hits="5" branch="true" condition-coverage="100% (2/2)"/>
            <line number="7" hits="3" branch="false"/>
            <line number="8" hits="3" branch="false"/>
            <line number="9" hits="3" branch="false"/>
            <line number="14" hits="2" branch="false"/>
            <line number="15" hits="2" branch="false"/>
            <line number="16" hits="2" branch="true" condition-coverage="100% (2/2)"/>
            <line number="17" hits="1" branch="false"/>
            <line number="25" hits="1" branch="false"/>
            <line number="31" hits="3" branch="true" condition-coverage="100% (2/2)"/>
            <line number="32" hits="1" branch="false"/>
            <line number="34" hits="3" branch="false"/>
            <line number="36" hits="3" branch="true" condition-coverage="100% (2/2)"/>
            <line number="37" hits="1" branch="false"/>
            <line number="39" hits="2" branch="true" condition-coverage="100% (2/2)"/>
            <line number="40" hits="1" branch="false"/>
            <line number="42" hits="1" branch="true" condition-coverage="50% (1/2)"/>
            <line number="43" hits="1" branch="false"/>
            <line number="46" hits="3" branch="false"/>
          </lines>
        </class>
      </classes>
    </package>
    <package name="avocado-trees-ordering.confirm-order-handler" line-rate="1" branch-rate="1">
      <classes>
        <class name="confirmOrderHandler.js" filename="avocado-trees-ordering\confirm-order-handler\confirmOrderHandler.js" line-rate="1" branch-rate="1">
          <methods>
            <method name="(anonymous_0)" hits="5" signature="()V">
              <lines>
                <line number="10" hits="5"/>
              </lines>
            </method>
            <method name="(anonymous_1)" hits="5" signature="()V">
              <lines>
                <line number="12" hits="5"/>
              </lines>
            </method>
          </methods>
          <lines>
            <line number="2" hits="2" branch="false"/>
            <line number="3" hits="2" branch="false"/>
            <line number="4" hits="2" branch="false"/>
            <line number="5" hits="2" branch="false"/>
            <line number="6" hits="2" branch="false"/>
            <line number="7" hits="2" branch="false"/>
            <line number="8" hits="2" branch="false"/>
            <line number="12" hits="5" branch="false"/>
            <line number="13" hits="5" branch="false"/>
            <line number="14" hits="5" branch="true" condition-coverage="100% (2/2)"/>
            <line number="15" hits="1" branch="false"/>
            <line number="17" hits="4" branch="true" condition-coverage="100% (2/2)"/>
            <line number="18" hits="2" branch="false"/>
            <line number="19" hits="2" branch="false"/>
            <line number="20" hits="2" branch="false"/>
            <line number="22" hits="2" branch="true" condition-coverage="100% (2/2)"/>
            <line number="23" hits="1" branch="false"/>
            <line number="24" hits="1" branch="false"/>
            <line number="27" hits="1" branch="false"/>
            <line number="28" hits="1" branch="false"/>
          </lines>
        </class>
      </classes>
    </package>
    <package name="avocado-trees-ordering.place-order-handler" line-rate="1" branch-rate="1">
      <classes>
        <class name="placeOrderHandler.js" filename="avocado-trees-ordering\place-order-handler\placeOrderHandler.js" line-rate="1" branch-rate="1">
          <methods>
            <method name="isOrderEligible" hits="4" signature="()V">
              <lines>
                <line number="8" hits="4"/>
              </lines>
            </method>
            <method name="(anonymous_1)" hits="7" signature="()V">
              <lines>
                <line number="20" hits="7"/>
              </lines>
            </method>
            <method name="(anonymous_2)" hits="6" signature="()V">
              <lines>
                <line number="22" hits="6"/>
              </lines>
            </method>
          </methods>
          <lines>
            <line number="1" hits="3" branch="false"/>
            <line number="2" hits="3" branch="false"/>
            <line number="3" hits="3" branch="false"/>
            <line number="4" hits="3" branch="false"/>
            <line number="5" hits="3" branch="false"/>
            <line number="6" hits="3" branch="false"/>
            <line number="9" hits="4" branch="false"/>
            <line number="10" hits="4" branch="false"/>
            <line number="11" hits="4" branch="true" condition-coverage="100% (2/2)"/>
            <line number="12" hits="3" branch="true" condition-coverage="100% (2/2)"/>
            <line number="13" hits="2" branch="false"/>
            <line number="16" hits="2" branch="false"/>
            <line number="18" hits="3" branch="false"/>
            <line number="22" hits="7" branch="false"/>
            <line number="23" hits="6" branch="false"/>
            <line number="24" hits="6" branch="true" condition-coverage="100% (2/2)"/>
            <line number="25" hits="2" branch="false"/>
            <line number="26" hits="2" branch="false"/>
            <line number="28" hits="4" branch="true" condition-coverage="100% (2/2)"/>
            <line number="29" hits="2" branch="false"/>
            <line number="32" hits="2" branch="false"/>
            <line number="33" hits="2" branch="false"/>
          </lines>
        </class>
      </classes>
    </package>
    <package name="beyonic-update-retry" line-rate="1" branch-rate="0.8367">
      <classes>
        <class name="beyonicUpdateRetry.js" filename="beyonic-update-retry\beyonicUpdateRetry.js" line-rate="1" branch-rate="0.8367">
          <methods>
          </methods>
          <lines>
            <line number="4" hits="16" branch="true" condition-coverage="100% (2/2)"/>
            <line number="5" hits="1" branch="false"/>
            <line number="7" hits="15" branch="false"/>
            <line number="10" hits="16" branch="true" condition-coverage="100% (4/4)"/>
            <line number="11" hits="2" branch="false"/>
            <line number="13" hits="14" branch="false"/>
            <line number="16" hits="16" branch="true" condition-coverage="100% (2/2)"/>
            <line number="17" hits="2" branch="false"/>
            <line number="20" hits="14" branch="false"/>
            <line number="23" hits="16" branch="false"/>
            <line number="25" hits="16" branch="false"/>
            <line number="26" hits="16" branch="false"/>
            <line number="27" hits="16" branch="false"/>
            <line number="28" hits="16" branch="false"/>
            <line number="29" hits="16" branch="false"/>
            <line number="30" hits="16" branch="false"/>
            <line number="31" hits="16" branch="false"/>
            <line number="32" hits="16" branch="false"/>
            <line number="33" hits="16" branch="false"/>
            <line number="34" hits="16" branch="false"/>
            <line number="35" hits="16" branch="false"/>
            <line number="36" hits="16" branch="false"/>
            <line number="39" hits="16" branch="false"/>
            <line number="41" hits="16" branch="false"/>
            <line number="42" hits="16" branch="false"/>
            <line number="43" hits="16" branch="false"/>
            <line number="44" hits="16" branch="false"/>
            <line number="45" hits="16" branch="false"/>
            <line number="46" hits="16" branch="false"/>
            <line number="47" hits="16" branch="false"/>
            <line number="49" hits="16" branch="true" condition-coverage="100% (2/2)"/>
            <line number="50" hits="15" branch="true" condition-coverage="100% (2/2)"/>
            <line number="51" hits="1" branch="false"/>
            <line number="54" hits="14" branch="false"/>
            <line number="56" hits="14" branch="false"/>
            <line number="63" hits="14" branch="true" condition-coverage="100% (2/2)"/>
            <line number="64" hits="4" branch="false"/>
            <line number="65" hits="3" branch="false"/>
            <line number="66" hits="3" branch="false"/>
            <line number="67" hits="3" branch="false"/>
            <line number="68" hits="3" branch="false"/>
            <line number="69" hits="3" branch="true" condition-coverage="100% (11/11)"/>
            <line number="79" hits="2" branch="true" condition-coverage="100% (2/2)"/>
            <line number="80" hits="1" branch="false"/>
            <line number="87" hits="1" branch="false"/>
            <line number="108" hits="2" branch="false"/>
            <line number="109" hits="2" branch="false"/>
            <line number="113" hits="1" branch="false"/>
            <line number="114" hits="1" branch="false"/>
            <line number="116" hits="3" branch="false"/>
            <line number="120" hits="10" branch="false"/>
            <line number="130" hits="10" branch="false"/>
            <line number="131" hits="7" branch="false"/>
            <line number="132" hits="7" branch="false"/>
            <line number="133" hits="7" branch="false"/>
            <line number="134" hits="7" branch="false"/>
            <line number="135" hits="7" branch="false"/>
            <line number="136" hits="7" branch="false"/>
            <line number="137" hits="7" branch="false"/>
            <line number="138" hits="7" branch="true" condition-coverage="100% (4/4)"/>
            <line number="139" hits="5" branch="false"/>
            <line number="141" hits="5" branch="false"/>
            <line number="144" hits="5" branch="true" condition-coverage="100% (2/2)"/>
            <line number="146" hits="3" branch="true" condition-coverage="100% (2/2)"/>
            <line number="147" hits="1" branch="false"/>
            <line number="154" hits="2" branch="false"/>
            <line number="163" hits="2" branch="true" condition-coverage="100% (2/2)"/>
            <line number="164" hits="1" branch="false"/>
            <line number="172" hits="1" branch="false"/>
            <line number="180" hits="2" branch="true" condition-coverage="20% (2/10)"/>
            <line number="188" hits="2" branch="true" condition-coverage="100% (2/2)"/>
            <line number="189" hits="1" branch="false"/>
            <line number="196" hits="1" branch="false"/>
            <line number="208" hits="1" branch="false"/>
          </lines>
        </class>
      </classes>
    </package>
    <package name="buyback-transactions" line-rate="1" branch-rate="1">
      <classes>
        <class name="buyBackTransactions.js" filename="buyback-transactions\buyBackTransactions.js" line-rate="1" branch-rate="1">
          <methods>
            <method name="registerInputHandlers" hits="4" signature="()V">
              <lines>
                <line number="10" hits="4"/>
              </lines>
            </method>
            <method name="start" hits="1" signature="()V">
              <lines>
                <line number="21" hits="1"/>
              </lines>
            </method>
          </methods>
          <lines>
            <line number="1" hits="7" branch="false"/>
            <line number="2" hits="7" branch="false"/>
            <line number="3" hits="7" branch="false"/>
            <line number="4" hits="7" branch="false"/>
            <line number="5" hits="7" branch="false"/>
            <line number="6" hits="7" branch="false"/>
            <line number="8" hits="7" branch="false"/>
            <line number="11" hits="4" branch="false"/>
            <line number="12" hits="4" branch="false"/>
            <line number="13" hits="4" branch="false"/>
            <line number="14" hits="4" branch="false"/>
            <line number="22" hits="1" branch="false"/>
            <line number="23" hits="1" branch="false"/>
            <line number="24" hits="1" branch="false"/>
            <line number="25" hits="1" branch="false"/>
            <line number="26" hits="1" branch="false"/>
            <line number="27" hits="1" branch="false"/>
            <line number="28" hits="1" branch="false"/>
            <line number="29" hits="1" branch="false"/>
            <line number="30" hits="1" branch="false"/>
            <line number="31" hits="1" branch="false"/>
            <line number="32" hits="1" branch="false"/>
            <line number="39" hits="7" branch="false"/>
          </lines>
        </class>
      </classes>
    </package>
    <package name="buyback-transactions.inputHandlers" line-rate="1" branch-rate="1">
      <classes>
        <class name="cropsInputHandler.js" filename="buyback-transactions\inputHandlers\cropsInputHandler.js" line-rate="1" branch-rate="1">
          <methods>
            <method name="getVarietiesByCrop" hits="2" signature="()V">
              <lines>
                <line number="8" hits="2"/>
              </lines>
            </method>
            <method name="(anonymous_1)" hits="3" signature="()V">
              <lines>
                <line number="28" hits="3"/>
              </lines>
            </method>
            <method name="(anonymous_2)" hits="2" signature="()V">
              <lines>
                <line number="41" hits="2"/>
              </lines>
            </method>
          </methods>
          <lines>
            <line number="1" hits="8" branch="false"/>
            <line number="2" hits="8" branch="false"/>
            <line number="3" hits="8" branch="false"/>
            <line number="4" hits="8" branch="false"/>
            <line number="6" hits="8" branch="false"/>
            <line number="9" hits="2" branch="false"/>
            <line number="10" hits="2" branch="false"/>
            <line number="15" hits="2" branch="false"/>
            <line number="16" hits="2" branch="false"/>
            <line number="17" hits="2" branch="false"/>
            <line number="19" hits="2" branch="false"/>
            <line number="20" hits="2" branch="false"/>
            <line number="21" hits="2" branch="false"/>
            <line number="23" hits="2" branch="false"/>
            <line number="26" hits="8" branch="false"/>
            <line number="29" hits="3" branch="false"/>
            <line number="30" hits="3" branch="false"/>
            <line number="31" hits="3" branch="false"/>
            <line number="32" hits="3" branch="false"/>
            <line number="34" hits="3" branch="true" condition-coverage="100% (2/2)"/>
            <line number="35" hits="2" branch="false"/>
            <line number="37" hits="2" branch="false"/>
            <line number="38" hits="2" branch="true" condition-coverage="100% (2/2)"/>
            <line number="39" hits="1" branch="false"/>
            <line number="40" hits="1" branch="false"/>
            <line number="41" hits="1" branch="false"/>
            <line number="42" hits="2" branch="false"/>
            <line number="44" hits="1" branch="false"/>
            <line number="45" hits="1" branch="false"/>
            <line number="46" hits="1" branch="false"/>
            <line number="52" hits="1" branch="false"/>
            <line number="53" hits="1" branch="false"/>
            <line number="54" hits="1" branch="false"/>
            <line number="61" hits="1" branch="false"/>
            <line number="62" hits="1" branch="false"/>
            <line number="63" hits="1" branch="false"/>
          </lines>
        </class>
        <class name="kgsInputHandler.js" filename="buyback-transactions\inputHandlers\kgsInputHandler.js" line-rate="1" branch-rate="1">
          <methods>
            <method name="(anonymous_0)" hits="3" signature="()V">
              <lines>
                <line number="8" hits="3"/>
              </lines>
            </method>
          </methods>
          <lines>
            <line number="1" hits="10" branch="false"/>
            <line number="2" hits="10" branch="false"/>
            <line number="4" hits="10" branch="false"/>
            <line number="6" hits="10" branch="false"/>
            <line number="9" hits="3" branch="false"/>
            <line number="10" hits="3" branch="false"/>
            <line number="12" hits="3" branch="false"/>
            <line number="13" hits="3" branch="true" condition-coverage="100% (2/2)"/>
            <line number="14" hits="2" branch="false"/>
            <line number="15" hits="2" branch="false"/>
            <line number="16" hits="2" branch="false"/>
            <line number="17" hits="2" branch="false"/>
            <line number="18" hits="2" branch="false"/>
            <line number="19" hits="2" branch="false"/>
            <line number="20" hits="2" branch="false"/>
            <line number="25" hits="2" branch="false"/>
            <line number="26" hits="2" branch="false"/>
            <line number="32" hits="1" branch="false"/>
            <line number="33" hits="1" branch="false"/>
          </lines>
        </class>
        <class name="phoneNumberHandler.js" filename="buyback-transactions\inputHandlers\phoneNumberHandler.js" line-rate="1" branch-rate="1">
          <methods>
            <method name="(anonymous_0)" hits="3" signature="()V">
              <lines>
                <line number="7" hits="3"/>
              </lines>
            </method>
          </methods>
          <lines>
            <line number="1" hits="9" branch="false"/>
            <line number="2" hits="9" branch="false"/>
            <line number="3" hits="9" branch="false"/>
            <line number="5" hits="9" branch="false"/>
            <line number="8" hits="3" branch="false"/>
            <line number="9" hits="3" branch="false"/>
            <line number="10" hits="3" branch="false"/>
            <line number="11" hits="3" branch="true" condition-coverage="100% (2/2)"/>
            <line number="12" hits="1" branch="false"/>
            <line number="13" hits="1" branch="false"/>
            <line number="14" hits="1" branch="false"/>
            <line number="15" hits="1" branch="false"/>
            <line number="27" hits="1" branch="false"/>
            <line number="28" hits="1" branch="false"/>
            <line number="29" hits="1" branch="false"/>
            <line number="30" hits="1" branch="false"/>
            <line number="32" hits="2" branch="false"/>
            <line number="33" hits="2" branch="false"/>
          </lines>
        </class>
        <class name="varietiesInputHandler.js" filename="buyback-transactions\inputHandlers\varietiesInputHandler.js" line-rate="1" branch-rate="1">
          <methods>
            <method name="(anonymous_0)" hits="2" signature="()V">
              <lines>
                <line number="9" hits="2"/>
              </lines>
            </method>
          </methods>
          <lines>
            <line number="1" hits="9" branch="false"/>
            <line number="2" hits="9" branch="false"/>
            <line number="3" hits="9" branch="false"/>
            <line number="5" hits="9" branch="false"/>
            <line number="7" hits="9" branch="false"/>
            <line number="10" hits="2" branch="false"/>
            <line number="11" hits="2" branch="false"/>
            <line number="13" hits="2" branch="false"/>
            <line number="14" hits="2" branch="false"/>
            <line number="15" hits="2" branch="true" condition-coverage="100% (2/2)"/>
            <line number="16" hits="1" branch="false"/>
            <line number="17" hits="1" branch="false"/>
            <line number="18" hits="1" branch="false"/>
            <line number="24" hits="1" branch="false"/>
            <line number="25" hits="1" branch="false"/>
            <line number="26" hits="1" branch="false"/>
            <line number="27" hits="1" branch="false"/>
          </lines>
        </class>
      </classes>
    </package>
    <package name="buyback-transactions.translations" line-rate="1" branch-rate="1">
      <classes>
        <class name="index.js" filename="buyback-transactions\translations\index.js" line-rate="1" branch-rate="1">
          <methods>
          </methods>
          <lines>
            <line number="1" hits="11" branch="false"/>
          </lines>
        </class>
      </classes>
    </package>
    <package name="chicken-services" line-rate="1" branch-rate="1">
      <classes>
        <class name="chickenServices.js" filename="chicken-services\chickenServices.js" line-rate="1" branch-rate="1">
          <methods>
            <method name="(anonymous_0)" hits="8" signature="()V">
              <lines>
                <line number="11" hits="8"/>
              </lines>
            </method>
            <method name="onPaymentValidated" hits="1" signature="()V">
              <lines>
                <line number="12" hits="1"/>
              </lines>
            </method>
            <method name="onOrderingConfirmed" hits="1" signature="()V">
              <lines>
                <line number="16" hits="1"/>
              </lines>
            </method>
            <method name="onOrderFinalized" hits="2" signature="()V">
              <lines>
                <line number="20" hits="2"/>
              </lines>
            </method>
            <method name="(anonymous_4)" hits="11" signature="()V">
              <lines>
                <line number="50" hits="11"/>
              </lines>
            </method>
          </methods>
          <lines>
            <line number="1" hits="1" branch="false"/>
            <line number="2" hits="1" branch="false"/>
            <line number="3" hits="1" branch="false"/>
            <line number="4" hits="1" branch="false"/>
            <line number="5" hits="1" branch="false"/>
            <line number="6" hits="1" branch="false"/>
            <line number="7" hits="1" branch="false"/>
            <line number="8" hits="1" branch="false"/>
            <line number="9" hits="1" branch="false"/>
            <line number="10" hits="1" branch="false"/>
            <line number="13" hits="1" branch="false"/>
            <line number="14" hits="1" branch="false"/>
            <line number="17" hits="1" branch="false"/>
            <line number="18" hits="1" branch="false"/>
            <line number="22" hits="2" branch="false"/>
            <line number="23" hits="2" branch="false"/>
            <line number="25" hits="2" branch="true" condition-coverage="100% (2/2)"/>
            <line number="26" hits="1" branch="false"/>
            <line number="27" hits="1" branch="false"/>
            <line number="28" hits="1" branch="false"/>
            <line number="29" hits="1" branch="false"/>
            <line number="30" hits="1" branch="false"/>
            <line number="31" hits="1" branch="false"/>
            <line number="32" hits="1" branch="false"/>
            <line number="33" hits="1" branch="false"/>
            <line number="34" hits="1" branch="false"/>
            <line number="35" hits="1" branch="false"/>
            <line number="36" hits="1" branch="false"/>
            <line number="37" hits="1" branch="false"/>
            <line number="38" hits="1" branch="false"/>
            <line number="39" hits="1" branch="false"/>
            <line number="40" hits="1" branch="false"/>
            <line number="44" hits="8" branch="false"/>
            <line number="45" hits="8" branch="false"/>
            <line number="46" hits="8" branch="false"/>
            <line number="47" hits="8" branch="false"/>
            <line number="51" hits="11" branch="false"/>
            <line number="52" hits="11" branch="false"/>
            <line number="53" hits="11" branch="false"/>
            <line number="55" hits="11" branch="false"/>
            <line number="56" hits="11" branch="false"/>
            <line number="57" hits="11" branch="true" condition-coverage="100% (4/4)"/>
            <line number="58" hits="1" branch="false"/>
            <line number="59" hits="1" branch="false"/>
            <line number="61" hits="10" branch="true" condition-coverage="100% (2/2)"/>
            <line number="62" hits="2" branch="false"/>
            <line number="63" hits="2" branch="false"/>
            <line number="65" hits="8" branch="true" condition-coverage="100% (2/2)"/>
            <line number="66" hits="2" branch="false"/>
            <line number="67" hits="2" branch="false"/>
            <line number="68" hits="2" branch="false"/>
            <line number="70" hits="6" branch="true" condition-coverage="100% (2/2)"/>
            <line number="71" hits="4" branch="false"/>
            <line number="72" hits="4" branch="false"/>
            <line number="73" hits="4" branch="true" condition-coverage="100% (2/2)"/>
            <line number="74" hits="1" branch="false"/>
            <line number="75" hits="1" branch="false"/>
            <line number="76" hits="1" branch="false"/>
            <line number="79" hits="3" branch="true" condition-coverage="100% (2/2)"/>
            <line number="80" hits="3" branch="false"/>
            <line number="81" hits="3" branch="false"/>
            <line number="85" hits="2" branch="false"/>
            <line number="86" hits="2" branch="false"/>
            <line number="87" hits="2" branch="false"/>
          </lines>
        </class>
        <class name="test-client-data.js" filename="chicken-services\test-client-data.js" line-rate="1" branch-rate="1">
          <methods>
          </methods>
          <lines>
            <line number="1" hits="4" branch="false"/>
            <line number="69" hits="4" branch="false"/>
          </lines>
        </class>
        <class name="translations.js" filename="chicken-services\translations.js" line-rate="1" branch-rate="1">
          <methods>
          </methods>
          <lines>
            <line number="1" hits="9" branch="false"/>
          </lines>
        </class>
      </classes>
    </package>
    <package name="chicken-services.change-order-confirmation" line-rate="1" branch-rate="1">
      <classes>
        <class name="changeOrderConfirmation.js" filename="chicken-services\change-order-confirmation\changeOrderConfirmation.js" line-rate="1" branch-rate="1">
          <methods>
            <method name="(anonymous_0)" hits="7" signature="()V">
              <lines>
                <line number="8" hits="7"/>
              </lines>
            </method>
            <method name="(anonymous_1)" hits="6" signature="()V">
              <lines>
                <line number="9" hits="6"/>
              </lines>
            </method>
          </methods>
          <lines>
            <line number="1" hits="2" branch="false"/>
            <line number="2" hits="2" branch="false"/>
            <line number="3" hits="2" branch="false"/>
            <line number="4" hits="2" branch="false"/>
            <line number="5" hits="2" branch="false"/>
            <line number="6" hits="2" branch="false"/>
            <line number="9" hits="7" branch="false"/>
            <line number="10" hits="6" branch="false"/>
            <line number="11" hits="6" branch="true" condition-coverage="100% (2/2)"/>
            <line number="12" hits="1" branch="false"/>
            <line number="13" hits="1" branch="false"/>
            <line number="15" hits="5" branch="true" condition-coverage="100% (2/2)"/>
            <line number="16" hits="3" branch="false"/>
            <line number="17" hits="3" branch="false"/>
            <line number="18" hits="3" branch="true" condition-coverage="100% (2/2)"/>
            <line number="19" hits="1" branch="false"/>
            <line number="20" hits="1" branch="false"/>
            <line number="23" hits="2" branch="false"/>
            <line number="27" hits="2" branch="false"/>
            <line number="28" hits="2" branch="false"/>
            <line number="29" hits="2" branch="false"/>
          </lines>
        </class>
      </classes>
    </package>
    <package name="chicken-services.change-order-handler" line-rate="1" branch-rate="1">
      <classes>
        <class name="changeOrderHandler.js" filename="chicken-services\change-order-handler\changeOrderHandler.js" line-rate="1" branch-rate="1">
          <methods>
            <method name="(anonymous_0)" hits="8" signature="()V">
              <lines>
                <line number="8" hits="8"/>
              </lines>
            </method>
            <method name="(anonymous_1)" hits="7" signature="()V">
              <lines>
                <line number="9" hits="7"/>
              </lines>
            </method>
          </methods>
          <lines>
            <line number="1" hits="2" branch="false"/>
            <line number="2" hits="2" branch="false"/>
            <line number="3" hits="2" branch="false"/>
            <line number="4" hits="2" branch="false"/>
            <line number="5" hits="2" branch="false"/>
            <line number="6" hits="2" branch="false"/>
            <line number="9" hits="8" branch="false"/>
            <line number="10" hits="7" branch="false"/>
            <line number="11" hits="7" branch="true" condition-coverage="100% (2/2)"/>
            <line number="12" hits="1" branch="false"/>
            <line number="13" hits="1" branch="false"/>
            <line number="14" hits="1" branch="false"/>
            <line number="16" hits="6" branch="true" condition-coverage="100% (2/2)"/>
            <line number="17" hits="4" branch="true" condition-coverage="100% (2/2)"/>
            <line number="18" hits="1" branch="false"/>
            <line number="19" hits="1" branch="false"/>
            <line number="20" hits="1" branch="false"/>
            <line number="23" hits="3" branch="false"/>
            <line number="27" hits="2" branch="false"/>
            <line number="28" hits="2" branch="false"/>
            <line number="29" hits="2" branch="false"/>
          </lines>
        </class>
      </classes>
    </package>
    <package name="chicken-services.check-chicken-cap-by-district" line-rate="1" branch-rate="0.875">
      <classes>
        <class name="CheckChickenCapByDistrict.js" filename="chicken-services\check-chicken-cap-by-district\CheckChickenCapByDistrict.js" line-rate="1" branch-rate="0.875">
          <methods>
            <method name="(anonymous_0)" hits="5" signature="()V">
              <lines>
                <line number="3" hits="5"/>
              </lines>
            </method>
          </methods>
          <lines>
            <line number="2" hits="3" branch="false"/>
            <line number="3" hits="3" branch="false"/>
            <line number="6" hits="5" branch="false"/>
            <line number="7" hits="5" branch="false"/>
            <line number="8" hits="5" branch="false"/>
            <line number="9" hits="5" branch="true" condition-coverage="100% (2/2)"/>
            <line number="10" hits="1" branch="false"/>
            <line number="11" hits="1" branch="false"/>
            <line number="14" hits="4" branch="false"/>
            <line number="15" hits="4" branch="false"/>
            <line number="16" hits="4" branch="false"/>
            <line number="18" hits="4" branch="false"/>
            <line number="19" hits="4" branch="true" condition-coverage="50% (1/2)"/>
            <line number="20" hits="4" branch="false"/>
            <line number="21" hits="4" branch="true" condition-coverage="100% (2/2)"/>
            <line number="22" hits="3" branch="false"/>
            <line number="23" hits="3" branch="false"/>
            <line number="24" hits="3" branch="false"/>
            <line number="25" hits="3" branch="false"/>
            <line number="27" hits="3" branch="false"/>
            <line number="28" hits="3" branch="false"/>
            <line number="30" hits="3" branch="false"/>
            <line number="31" hits="3" branch="true" condition-coverage="100% (2/2)"/>
            <line number="32" hits="2" branch="false"/>
            <line number="35" hits="1" branch="false"/>
            <line number="38" hits="1" branch="false"/>
            <line number="39" hits="1" branch="false"/>
          </lines>
        </class>
        <class name="capsByDistrict.js" filename="chicken-services\check-chicken-cap-by-district\capsByDistrict.js" line-rate="1" branch-rate="1">
          <methods>
          </methods>
          <lines>
            <line number="2" hits="3" branch="false"/>
          </lines>
        </class>
      </classes>
    </package>
    <package name="chicken-services.chicken-eligibility" line-rate="1" branch-rate="1">
      <classes>
        <class name="chickenEligibility.js" filename="chicken-services\chicken-eligibility\chickenEligibility.js" line-rate="1" branch-rate="1">
          <methods>
            <method name="(anonymous_0)" hits="11" signature="()V">
              <lines>
                <line number="3" hits="11"/>
              </lines>
            </method>
          </methods>
          <lines>
            <line number="3" hits="2" branch="false"/>
            <line number="5" hits="11" branch="false"/>
            <line number="6" hits="11" branch="false"/>
            <line number="8" hits="11" branch="true" condition-coverage="100% (2/2)"/>
            <line number="9" hits="10" branch="false"/>
            <line number="11" hits="10" branch="true" condition-coverage="100% (2/2)"/>
            <line number="12" hits="10" branch="false"/>
            <line number="15" hits="1" branch="false"/>
            <line number="16" hits="1" branch="false"/>
            <line number="22" hits="10" branch="true" condition-coverage="100% (2/2)"/>
            <line number="23" hits="1" branch="false"/>
            <line number="26" hits="10" branch="false"/>
            <line number="27" hits="10" branch="false"/>
            <line number="29" hits="10" branch="true" condition-coverage="100% (2/2)"/>
            <line number="30" hits="9" branch="false"/>
            <line number="32" hits="9" branch="true" condition-coverage="100% (2/2)"/>
            <line number="33" hits="8" branch="false"/>
            <line number="37" hits="1" branch="false"/>
            <line number="39" hits="9" branch="true" condition-coverage="100% (2/2)"/>
            <line number="40" hits="7" branch="false"/>
            <line number="45" hits="1" branch="false"/>
            <line number="48" hits="10" branch="true" condition-coverage="100% (2/2)"/>
            <line number="49" hits="2" branch="false"/>
            <line number="53" hits="8" branch="true" condition-coverage="100% (2/2)"/>
            <line number="54" hits="1" branch="false"/>
            <line number="55" hits="1" branch="false"/>
            <line number="59" hits="7" branch="false"/>
          </lines>
        </class>
      </classes>
    </package>
    <package name="chicken-services.place-order-handler" line-rate="1" branch-rate="1">
      <classes>
        <class name="placeOrderHandler.js" filename="chicken-services\place-order-handler\placeOrderHandler.js" line-rate="1" branch-rate="1">
          <methods>
            <method name="(anonymous_0)" hits="7" signature="()V">
              <lines>
                <line number="9" hits="7"/>
              </lines>
            </method>
            <method name="(anonymous_1)" hits="6" signature="()V">
              <lines>
                <line number="10" hits="6"/>
              </lines>
            </method>
          </methods>
          <lines>
            <line number="1" hits="2" branch="false"/>
            <line number="2" hits="2" branch="false"/>
            <line number="3" hits="2" branch="false"/>
            <line number="4" hits="2" branch="false"/>
            <line number="5" hits="2" branch="false"/>
            <line number="7" hits="2" branch="false"/>
            <line number="10" hits="7" branch="false"/>
            <line number="11" hits="6" branch="false"/>
            <line number="12" hits="6" branch="true" condition-coverage="100% (2/2)"/>
            <line number="13" hits="4" branch="true" condition-coverage="100% (2/2)"/>
            <line number="14" hits="1" branch="false"/>
            <line number="15" hits="1" branch="false"/>
            <line number="16" hits="1" branch="false"/>
            <line number="19" hits="3" branch="false"/>
            <line number="22" hits="2" branch="true" condition-coverage="100% (2/2)"/>
            <line number="23" hits="1" branch="false"/>
            <line number="24" hits="1" branch="false"/>
            <line number="25" hits="1" branch="false"/>
            <line number="28" hits="1" branch="false"/>
            <line number="29" hits="1" branch="false"/>
            <line number="30" hits="1" branch="false"/>
          </lines>
        </class>
      </classes>
    </package>
    <package name="chicken-services.possible-order-handler" line-rate="1" branch-rate="1">
      <classes>
        <class name="possibleOrderHandler.js" filename="chicken-services\possible-order-handler\possibleOrderHandler.js" line-rate="1" branch-rate="1">
          <methods>
            <method name="(anonymous_0)" hits="6" signature="()V">
              <lines>
                <line number="8" hits="6"/>
              </lines>
            </method>
            <method name="(anonymous_1)" hits="5" signature="()V">
              <lines>
                <line number="10" hits="5"/>
              </lines>
            </method>
          </methods>
          <lines>
            <line number="1" hits="2" branch="false"/>
            <line number="2" hits="2" branch="false"/>
            <line number="3" hits="2" branch="false"/>
            <line number="5" hits="2" branch="false"/>
            <line number="6" hits="2" branch="false"/>
            <line number="9" hits="6" branch="false"/>
            <line number="10" hits="6" branch="false"/>
            <line number="11" hits="5" branch="true" condition-coverage="100% (5/5)"/>
            <line number="12" hits="1" branch="false"/>
            <line number="13" hits="1" branch="false"/>
            <line number="16" hits="4" branch="false"/>
            <line number="17" hits="4" branch="false"/>
            <line number="18" hits="4" branch="false"/>
          </lines>
        </class>
      </classes>
    </package>
    <package name="client-enrollment" line-rate="0.9714" branch-rate="0.9167000000000001">
      <classes>
        <class name="clientEnrollment.js" filename="client-enrollment\clientEnrollment.js" line-rate="0.9692000000000001" branch-rate="0.9167000000000001">
          <methods>
            <method name="(anonymous_0)" hits="11" signature="()V">
              <lines>
                <line number="9" hits="11"/>
              </lines>
            </method>
            <method name="(anonymous_1)" hits="6" signature="()V">
              <lines>
                <line number="95" hits="6"/>
              </lines>
            </method>
            <method name="(anonymous_2)" hits="7" signature="()V">
              <lines>
                <line number="103" hits="7"/>
              </lines>
            </method>
            <method name="(anonymous_3)" hits="4" signature="()V">
              <lines>
                <line number="111" hits="4"/>
              </lines>
            </method>
          </methods>
          <lines>
            <line number="1" hits="1" branch="false"/>
            <line number="2" hits="1" branch="false"/>
            <line number="3" hits="1" branch="false"/>
            <line number="4" hits="1" branch="false"/>
            <line number="5" hits="1" branch="false"/>
            <line number="7" hits="1" branch="false"/>
            <line number="10" hits="11" branch="false"/>
            <line number="11" hits="11" branch="false"/>
            <line number="12" hits="11" branch="false"/>
            <line number="13" hits="11" branch="false"/>
            <line number="14" hits="11" branch="false"/>
            <line number="22" hits="11" branch="false"/>
            <line number="23" hits="11" branch="true" condition-coverage="50% (1/2)"/>
            <line number="24" hits="11" branch="false"/>
            <line number="26" hits="11" branch="true" condition-coverage="100% (2/2)"/>
            <line number="28" hits="7" branch="false"/>
            <line number="29" hits="7" branch="true" condition-coverage="100% (2/2)"/>
            <line number="30" hits="5" branch="false"/>
            <line number="31" hits="5" branch="false"/>
            <line number="33" hits="7" branch="false"/>
            <line number="47" hits="7" branch="false"/>
            <line number="48" hits="7" branch="true" condition-coverage="100% (2/2)"/>
            <line number="49" hits="6" branch="true" condition-coverage="100% (2/2)"/>
            <line number="50" hits="5" branch="true" condition-coverage="100% (2/2)"/>
            <line number="51" hits="1" branch="false"/>
            <line number="52" hits="1" branch="false"/>
            <line number="55" hits="4" branch="false"/>
            <line number="56" hits="4" branch="false"/>
            <line number="57" hits="4" branch="false"/>
            <line number="58" hits="4" branch="false"/>
            <line number="59" hits="4" branch="false"/>
            <line number="60" hits="4" branch="false"/>
            <line number="61" hits="4" branch="false"/>
            <line number="62" hits="4" branch="false"/>
            <line number="63" hits="4" branch="true" condition-coverage="100% (2/2)"/>
            <line number="64" hits="3" branch="false"/>
            <line number="65" hits="3" branch="false"/>
            <line number="66" hits="3" branch="false"/>
            <line number="75" hits="3" branch="false"/>
            <line number="80" hits="1" branch="false"/>
            <line number="84" hits="1" branch="false"/>
            <line number="88" hits="4" branch="false"/>
            <line number="95" hits="1" branch="false"/>
            <line number="96" hits="6" branch="true" condition-coverage="100% (2/2)"/>
            <line number="97" hits="4" branch="true" condition-coverage="100% (2/2)"/>
            <line number="98" hits="1" branch="false"/>
            <line number="100" hits="5" branch="false"/>
            <line number="103" hits="1" branch="false"/>
            <line number="104" hits="7" branch="false"/>
            <line number="105" hits="7" branch="false"/>
            <line number="106" hits="7" branch="true" condition-coverage="100% (2/2)"/>
            <line number="107" hits="1" branch="false"/>
            <line number="109" hits="6" branch="false"/>
            <line number="111" hits="1" branch="false"/>
            <line number="112" hits="4" branch="false"/>
            <line number="113" hits="4" branch="false"/>
            <line number="114" hits="4" branch="true" condition-coverage="100% (2/2)"/>
            <line number="115" hits="3" branch="false"/>
            <line number="116" hits="3" branch="false"/>
            <line number="117" hits="3" branch="false"/>
            <line number="118" hits="3" branch="true" condition-coverage="50% (1/2)"/>
            <line number="119" hits="0" branch="false"/>
            <line number="120" hits="0" branch="false"/>
            <line number="122" hits="3" branch="false"/>
            <line number="125" hits="1" branch="false"/>
          </lines>
        </class>
        <class name="test-client-data.js" filename="client-enrollment\test-client-data.js" line-rate="1" branch-rate="1">
          <methods>
          </methods>
          <lines>
            <line number="1" hits="12" branch="false"/>
            <line number="69" hits="12" branch="false"/>
          </lines>
        </class>
        <class name="test-client-with-loan.js" filename="client-enrollment\test-client-with-loan.js" line-rate="1" branch-rate="1">
          <methods>
          </methods>
          <lines>
            <line number="1" hits="1" branch="false"/>
            <line number="69" hits="1" branch="false"/>
          </lines>
        </class>
        <class name="translations.js" filename="client-enrollment\translations.js" line-rate="1" branch-rate="1">
          <methods>
          </methods>
          <lines>
            <line number="1" hits="1" branch="false"/>
          </lines>
        </class>
      </classes>
    </package>
    <package name="client-registration" line-rate="0.9639" branch-rate="0.8020999999999999">
      <classes>
        <class name="clientRegistration.js" filename="client-registration\clientRegistration.js" line-rate="0.9637" branch-rate="0.8020999999999999">
          <methods>
            <method name="(anonymous_0)" hits="57" signature="()V">
              <lines>
                <line number="24" hits="57"/>
              </lines>
            </method>
            <method name="onNationalIdValidated" hits="3" signature="()V">
              <lines>
                <line number="26" hits="3"/>
              </lines>
            </method>
            <method name="onNationalIdConfirmation" hits="2" signature="()V">
              <lines>
                <line number="45" hits="2"/>
              </lines>
            </method>
            <method name="onFirstNameReceived" hits="2" signature="()V">
              <lines>
                <line number="49" hits="2"/>
              </lines>
            </method>
            <method name="onSecondNameReceived" hits="2" signature="()V">
              <lines>
                <line number="54" hits="2"/>
              </lines>
            </method>
            <method name="onPhoneNumberValidated" hits="2" signature="()V">
              <lines>
                <line number="59" hits="2"/>
              </lines>
            </method>
            <method name="onContinueToEnroll" hits="5" signature="()V">
              <lines>
                <line number="64" hits="5"/>
              </lines>
            </method>
            <method name="onPhoneNumberConfirmed" hits="4" signature="()V">
              <lines>
                <line number="69" hits="4"/>
              </lines>
            </method>
            <method name="onGroupCodeValidated" hits="4" signature="()V">
              <lines>
                <line number="85" hits="4"/>
              </lines>
            </method>
            <method name="onGroupLeaderQuestion" hits="4" signature="()V">
              <lines>
                <line number="126" hits="4"/>
              </lines>
            </method>
            <method name="(anonymous_10)" hits="0" signature="()V">
              <lines>
                <line number="144" hits="0"/>
              </lines>
            </method>
            <method name="(anonymous_11)" hits="6" signature="()V">
              <lines>
                <line number="149" hits="6"/>
              </lines>
            </method>
            <method name="saveClientInRoster" hits="5" signature="()V">
              <lines>
                <line number="163" hits="5"/>
              </lines>
            </method>
            <method name="onBundleSelected" hits="8" signature="()V">
              <lines>
                <line number="227" hits="8"/>
              </lines>
            </method>
            <method name="(anonymous_14)" hits="14" signature="()V">
              <lines>
                <line number="250" hits="14"/>
              </lines>
            </method>
            <method name="onVarietyChosen" hits="1" signature="()V">
              <lines>
                <line number="295" hits="1"/>
              </lines>
            </method>
            <method name="onOrderConfirmed" hits="8" signature="()V">
              <lines>
                <line number="302" hits="8"/>
              </lines>
            </method>
            <method name="(anonymous_17)" hits="7" signature="()V">
              <lines>
                <line number="363" hits="7"/>
              </lines>
            </method>
            <method name="(anonymous_18)" hits="1" signature="()V">
              <lines>
                <line number="387" hits="1"/>
              </lines>
            </method>
            <method name="onFinalizeOrder" hits="2" signature="()V">
              <lines>
                <line number="402" hits="2"/>
              </lines>
            </method>
            <method name="bundleExists" hits="10" signature="()V">
              <lines>
                <line number="420" hits="10"/>
              </lines>
            </method>
            <method name="displayBundles" hits="5" signature="()V">
              <lines>
                <line number="431" hits="5"/>
              </lines>
            </method>
            <method name="getBundlesInputs" hits="13" signature="()V">
              <lines>
                <line number="545" hits="13"/>
              </lines>
            </method>
            <method name="displayVariety" hits="3" signature="()V">
              <lines>
                <line number="560" hits="3"/>
              </lines>
            </method>
          </methods>
          <lines>
            <line number="1" hits="2" branch="false"/>
            <line number="2" hits="2" branch="false"/>
            <line number="3" hits="2" branch="false"/>
            <line number="4" hits="2" branch="false"/>
            <line number="5" hits="2" branch="false"/>
            <line number="6" hits="2" branch="false"/>
            <line number="7" hits="2" branch="false"/>
            <line number="8" hits="2" branch="false"/>
            <line number="9" hits="2" branch="false"/>
            <line number="10" hits="2" branch="false"/>
            <line number="11" hits="2" branch="false"/>
            <line number="12" hits="2" branch="false"/>
            <line number="13" hits="2" branch="false"/>
            <line number="14" hits="2" branch="false"/>
            <line number="15" hits="2" branch="false"/>
            <line number="16" hits="2" branch="false"/>
            <line number="17" hits="2" branch="false"/>
            <line number="18" hits="2" branch="false"/>
            <line number="19" hits="2" branch="false"/>
            <line number="20" hits="2" branch="false"/>
            <line number="21" hits="2" branch="false"/>
            <line number="22" hits="2" branch="false"/>
            <line number="23" hits="2" branch="false"/>
            <line number="28" hits="3" branch="true" condition-coverage="50% (1/2)"/>
            <line number="29" hits="0" branch="false"/>
            <line number="32" hits="3" branch="false"/>
            <line number="34" hits="3" branch="false"/>
            <line number="35" hits="3" branch="true" condition-coverage="100% (2/2)"/>
            <line number="36" hits="1" branch="false"/>
            <line number="37" hits="1" branch="false"/>
            <line number="40" hits="2" branch="false"/>
            <line number="41" hits="2" branch="false"/>
            <line number="42" hits="2" branch="false"/>
            <line number="46" hits="2" branch="false"/>
            <line number="47" hits="2" branch="false"/>
            <line number="50" hits="2" branch="false"/>
            <line number="51" hits="2" branch="false"/>
            <line number="52" hits="2" branch="false"/>
            <line number="55" hits="2" branch="false"/>
            <line number="56" hits="2" branch="false"/>
            <line number="57" hits="2" branch="false"/>
            <line number="60" hits="2" branch="false"/>
            <line number="61" hits="2" branch="false"/>
            <line number="62" hits="2" branch="false"/>
            <line number="65" hits="5" branch="false"/>
            <line number="66" hits="5" branch="false"/>
            <line number="70" hits="4" branch="true" condition-coverage="100% (2/2)"/>
            <line number="71" hits="1" branch="false"/>
            <line number="72" hits="1" branch="false"/>
            <line number="75" hits="3" branch="true" condition-coverage="100% (2/2)"/>
            <line number="77" hits="1" branch="false"/>
            <line number="80" hits="2" branch="false"/>
            <line number="81" hits="2" branch="false"/>
            <line number="86" hits="4" branch="false"/>
            <line number="95" hits="4" branch="false"/>
            <line number="96" hits="4" branch="false"/>
            <line number="97" hits="4" branch="true" condition-coverage="50% (1/2)"/>
            <line number="98" hits="4" branch="false"/>
            <line number="99" hits="4" branch="false"/>
            <line number="100" hits="4" branch="false"/>
            <line number="101" hits="4" branch="false"/>
            <line number="102" hits="4" branch="false"/>
            <line number="103" hits="4" branch="false"/>
            <line number="104" hits="4" branch="false"/>
            <line number="119" hits="4" branch="false"/>
            <line number="122" hits="0" branch="false"/>
            <line number="127" hits="4" branch="false"/>
            <line number="129" hits="57" branch="false"/>
            <line number="130" hits="57" branch="false"/>
            <line number="131" hits="57" branch="false"/>
            <line number="132" hits="57" branch="false"/>
            <line number="133" hits="57" branch="false"/>
            <line number="134" hits="57" branch="false"/>
            <line number="135" hits="57" branch="false"/>
            <line number="136" hits="57" branch="false"/>
            <line number="137" hits="57" branch="false"/>
            <line number="138" hits="57" branch="false"/>
            <line number="139" hits="57" branch="false"/>
            <line number="140" hits="57" branch="false"/>
            <line number="141" hits="57" branch="false"/>
            <line number="142" hits="57" branch="false"/>
            <line number="145" hits="0" branch="false"/>
            <line number="146" hits="0" branch="false"/>
            <line number="150" hits="6" branch="false"/>
            <line number="151" hits="6" branch="false"/>
            <line number="152" hits="6" branch="false"/>
            <line number="153" hits="6" branch="false"/>
            <line number="154" hits="6" branch="false"/>
            <line number="155" hits="6" branch="false"/>
            <line number="156" hits="6" branch="false"/>
            <line number="157" hits="6" branch="false"/>
            <line number="158" hits="6" branch="false"/>
            <line number="159" hits="6" branch="false"/>
            <line number="164" hits="5" branch="false"/>
            <line number="165" hits="5" branch="false"/>
            <line number="174" hits="5" branch="false"/>
            <line number="175" hits="5" branch="false"/>
            <line number="177" hits="4" branch="true" condition-coverage="100% (2/2)"/>
            <line number="178" hits="3" branch="false"/>
            <line number="184" hits="3" branch="false"/>
            <line number="185" hits="3" branch="false"/>
            <line number="192" hits="3" branch="true" condition-coverage="100% (2/2)"/>
            <line number="193" hits="2" branch="false"/>
            <line number="196" hits="1" branch="false"/>
            <line number="198" hits="3" branch="false"/>
            <line number="199" hits="3" branch="false"/>
            <line number="200" hits="3" branch="false"/>
            <line number="201" hits="3" branch="false"/>
            <line number="218" hits="3" branch="false"/>
            <line number="219" hits="3" branch="false"/>
            <line number="220" hits="3" branch="false"/>
            <line number="224" hits="1" branch="false"/>
            <line number="229" hits="8" branch="false"/>
            <line number="230" hits="8" branch="false"/>
            <line number="231" hits="8" branch="false"/>
            <line number="232" hits="19" branch="true" condition-coverage="50% (1/2)"/>
            <line number="233" hits="19" branch="false"/>
            <line number="237" hits="8" branch="true" condition-coverage="100% (2/2)"/>
            <line number="239" hits="3" branch="true" condition-coverage="50% (1/2)"/>
            <line number="240" hits="0" branch="false"/>
            <line number="241" hits="0" branch="false"/>
            <line number="242" hits="0" branch="true" condition-coverage="0% (0/2)"/>
            <line number="243" hits="0" branch="false"/>
            <line number="248" hits="3" branch="false"/>
            <line number="249" hits="3" branch="false"/>
            <line number="250" hits="3" branch="false"/>
            <line number="251" hits="14" branch="false"/>
            <line number="252" hits="14" branch="true" condition-coverage="50% (1/2)"/>
            <line number="253" hits="14" branch="false"/>
            <line number="254" hits="14" branch="true" condition-coverage="100% (2/2)"/>
            <line number="255" hits="12" branch="false"/>
            <line number="260" hits="3" branch="false"/>
            <line number="261" hits="3" branch="false"/>
            <line number="262" hits="3" branch="false"/>
            <line number="265" hits="8" branch="true" condition-coverage="100% (2/2)"/>
            <line number="266" hits="5" branch="false"/>
            <line number="267" hits="5" branch="true" condition-coverage="100% (2/2)"/>
            <line number="268" hits="2" branch="false"/>
            <line number="270" hits="5" branch="false"/>
            <line number="271" hits="5" branch="false"/>
            <line number="272" hits="5" branch="false"/>
            <line number="273" hits="11" branch="true" condition-coverage="100% (4/4)"/>
            <line number="274" hits="1" branch="false"/>
            <line number="275" hits="1" branch="false"/>
            <line number="278" hits="10" branch="false"/>
            <line number="282" hits="5" branch="false"/>
            <line number="283" hits="5" branch="true" condition-coverage="100% (2/2)"/>
            <line number="284" hits="1" branch="false"/>
            <line number="285" hits="1" branch="false"/>
            <line number="288" hits="4" branch="false"/>
            <line number="289" hits="4" branch="false"/>
            <line number="296" hits="1" branch="false"/>
            <line number="297" hits="1" branch="false"/>
            <line number="298" hits="1" branch="false"/>
            <line number="299" hits="1" branch="false"/>
            <line number="303" hits="8" branch="false"/>
            <line number="304" hits="8" branch="false"/>
            <line number="305" hits="8" branch="false"/>
            <line number="306" hits="8" branch="false"/>
            <line number="310" hits="8" branch="false"/>
            <line number="312" hits="8" branch="true" condition-coverage="75% (3/4)"/>
            <line number="313" hits="8" branch="false"/>
            <line number="314" hits="8" branch="false"/>
            <line number="316" hits="0" branch="false"/>
            <line number="318" hits="8" branch="false"/>
            <line number="320" hits="8" branch="false"/>
            <line number="329" hits="8" branch="false"/>
            <line number="330" hits="8" branch="false"/>
            <line number="331" hits="8" branch="false"/>
            <line number="332" hits="8" branch="true" condition-coverage="75% (3/4)"/>
            <line number="333" hits="8" branch="false"/>
            <line number="334" hits="8" branch="false"/>
            <line number="335" hits="8" branch="false"/>
            <line number="338" hits="0" branch="false"/>
            <line number="341" hits="8" branch="true" condition-coverage="100% (2/2)"/>
            <line number="342" hits="7" branch="false"/>
            <line number="343" hits="7" branch="false"/>
            <line number="344" hits="7" branch="true" condition-coverage="100% (2/2)"/>
            <line number="345" hits="1" branch="false"/>
            <line number="346" hits="1" branch="false"/>
            <line number="347" hits="1" branch="false"/>
            <line number="348" hits="1" branch="false"/>
            <line number="351" hits="6" branch="false"/>
            <line number="358" hits="6" branch="false"/>
            <line number="360" hits="7" branch="false"/>
            <line number="361" hits="7" branch="false"/>
            <line number="362" hits="7" branch="false"/>
            <line number="363" hits="7" branch="false"/>
            <line number="364" hits="7" branch="false"/>
            <line number="365" hits="7" branch="true" condition-coverage="100% (2/2)"/>
            <line number="366" hits="1" branch="false"/>
            <line number="367" hits="1" branch="false"/>
            <line number="368" hits="1" branch="false"/>
            <line number="371" hits="7" branch="true" condition-coverage="100% (2/2)"/>
            <line number="372" hits="1" branch="false"/>
            <line number="373" hits="1" branch="false"/>
            <line number="374" hits="1" branch="true" condition-coverage="50% (1/2)"/>
            <line number="375" hits="1" branch="false"/>
            <line number="376" hits="1" branch="false"/>
            <line number="377" hits="1" branch="false"/>
            <line number="380" hits="7" branch="false"/>
            <line number="384" hits="7" branch="true" condition-coverage="100% (2/2)"/>
            <line number="385" hits="1" branch="false"/>
            <line number="386" hits="1" branch="true" condition-coverage="50% (1/2)"/>
            <line number="387" hits="1" branch="false"/>
            <line number="388" hits="1" branch="false"/>
            <line number="390" hits="1" branch="false"/>
[...]
            <line number="1" hits="6" branch="false"/>
            <line number="28" hits="6" branch="false"/>
          </lines>
        </class>
      </classes>
    </package>
    <package name="tester-pack.translations" line-rate="1" branch-rate="1">
      <classes>
        <class name="index.js" filename="tester-pack\translations\index.js" line-rate="1" branch-rate="1">
          <methods>
          </methods>
          <lines>
            <line number="1" hits="8" branch="false"/>
            <line number="20" hits="8" branch="false"/>
          </lines>
        </class>
      </classes>
    </package>
    <package name="tester-pack.utils" line-rate="1" branch-rate="1">
      <classes>
        <class name="createFarmersMenu.js" filename="tester-pack\utils\createFarmersMenu.js" line-rate="1" branch-rate="1">
          <methods>
            <method name="createfarmersMenu" hits="5" signature="()V">
              <lines>
                <line number="4" hits="5"/>
              </lines>
            </method>
            <method name="(anonymous_1)" hits="51" signature="()V">
              <lines>
                <line number="11" hits="51"/>
              </lines>
            </method>
          </methods>
          <lines>
            <line number="1" hits="6" branch="false"/>
            <line number="2" hits="6" branch="false"/>
            <line number="4" hits="6" branch="false"/>
            <line number="5" hits="5" branch="false"/>
            <line number="6" hits="5" branch="false"/>
            <line number="7" hits="5" branch="false"/>
            <line number="8" hits="5" branch="false"/>
            <line number="9" hits="5" branch="false"/>
            <line number="11" hits="5" branch="false"/>
            <line number="12" hits="51" branch="false"/>
            <line number="13" hits="51" branch="true" condition-coverage="100% (2/2)"/>
            <line number="14" hits="50" branch="false"/>
            <line number="17" hits="51" branch="true" condition-coverage="100% (4/4)"/>
            <line number="18" hits="10" branch="true" condition-coverage="100% (2/2)"/>
            <line number="19" hits="5" branch="false"/>
            <line number="21" hits="5" branch="false"/>
            <line number="22" hits="5" branch="false"/>
            <line number="23" hits="5" branch="false"/>
            <line number="28" hits="5" branch="false"/>
          </lines>
        </class>
      </classes>
    </package>
    <package name="transaction-history" line-rate="0.9608" branch-rate="0.9545">
      <classes>
        <class name="transactionHistory.js" filename="transaction-history\transactionHistory.js" line-rate="0.96" branch-rate="0.9545">
          <methods>
            <method name="(anonymous_0)" hits="18" signature="()V">
              <lines>
                <line number="13" hits="18"/>
              </lines>
            </method>
            <method name="listTransactions" hits="14" signature="()V">
              <lines>
                <line number="16" hits="14"/>
              </lines>
            </method>
            <method name="(anonymous_2)" hits="62" signature="()V">
              <lines>
                <line number="17" hits="62"/>
              </lines>
            </method>
            <method name="onIdVerified" hits="12" signature="()V">
              <lines>
                <line number="23" hits="12"/>
              </lines>
            </method>
            <method name="onTransactionSelected" hits="19" signature="()V">
              <lines>
                <line number="30" hits="19"/>
              </lines>
            </method>
            <method name="(anonymous_5)" hits="4" signature="()V">
              <lines>
                <line number="63" hits="4"/>
              </lines>
            </method>
          </methods>
          <lines>
            <line number="1" hits="1" branch="false"/>
            <line number="2" hits="1" branch="false"/>
            <line number="3" hits="1" branch="false"/>
            <line number="4" hits="1" branch="false"/>
            <line number="5" hits="1" branch="false"/>
            <line number="6" hits="1" branch="false"/>
            <line number="7" hits="1" branch="false"/>
            <line number="9" hits="1" branch="false"/>
            <line number="10" hits="1" branch="false"/>
            <line number="11" hits="1" branch="false"/>
            <line number="14" hits="18" branch="true" condition-coverage="100% (6/6)"/>
            <line number="15" hits="18" branch="false"/>
            <line number="17" hits="14" branch="false"/>
            <line number="18" hits="62" branch="false"/>
            <line number="20" hits="14" branch="false"/>
            <line number="21" hits="14" branch="false"/>
            <line number="24" hits="12" branch="false"/>
            <line number="25" hits="12" branch="false"/>
            <line number="26" hits="12" branch="false"/>
            <line number="27" hits="12" branch="false"/>
            <line number="31" hits="19" branch="false"/>
            <line number="32" hits="19" branch="false"/>
            <line number="33" hits="19" branch="true" condition-coverage="100% (2/2)"/>
            <line number="34" hits="4" branch="false"/>
            <line number="35" hits="4" branch="false"/>
            <line number="36" hits="4" branch="false"/>
            <line number="38" hits="15" branch="true" condition-coverage="100% (2/2)"/>
            <line number="39" hits="2" branch="true" condition-coverage="50% (1/2)"/>
            <line number="40" hits="0" branch="false"/>
            <line number="41" hits="0" branch="false"/>
            <line number="43" hits="2" branch="false"/>
            <line number="44" hits="2" branch="false"/>
            <line number="45" hits="2" branch="false"/>
            <line number="48" hits="13" branch="true" condition-coverage="100% (4/4)"/>
            <line number="49" hits="3" branch="false"/>
            <line number="50" hits="3" branch="false"/>
            <line number="51" hits="3" branch="false"/>
            <line number="54" hits="10" branch="false"/>
            <line number="58" hits="18" branch="false"/>
            <line number="59" hits="18" branch="false"/>
            <line number="60" hits="18" branch="false"/>
            <line number="64" hits="4" branch="false"/>
            <line number="65" hits="4" branch="false"/>
            <line number="66" hits="4" branch="false"/>
            <line number="67" hits="4" branch="false"/>
            <line number="68" hits="4" branch="false"/>
            <line number="69" hits="4" branch="true" condition-coverage="100% (6/6)"/>
            <line number="70" hits="4" branch="false"/>
            <line number="71" hits="4" branch="false"/>
            <line number="72" hits="4" branch="false"/>
          </lines>
        </class>
        <class name="translations.js" filename="transaction-history\translations.js" line-rate="1" branch-rate="1">
          <methods>
          </methods>
          <lines>
            <line number="1" hits="5" branch="false"/>
          </lines>
        </class>
      </classes>
    </package>
    <package name="transaction-history.display-transactions" line-rate="1" branch-rate="1">
      <classes>
        <class name="displayTransactions.js" filename="transaction-history\display-transactions\displayTransactions.js" line-rate="1" branch-rate="1">
          <methods>
            <method name="(anonymous_0)" hits="7" signature="()V">
              <lines>
                <line number="4" hits="7"/>
              </lines>
            </method>
            <method name="(anonymous_1)" hits="28" signature="()V">
              <lines>
                <line number="12" hits="28"/>
              </lines>
            </method>
            <method name="(anonymous_2)" hits="4" signature="()V">
              <lines>
                <line number="27" hits="4"/>
              </lines>
            </method>
          </methods>
          <lines>
            <line number="1" hits="2" branch="false"/>
            <line number="2" hits="2" branch="false"/>
            <line number="4" hits="2" branch="false"/>
            <line number="5" hits="7" branch="true" condition-coverage="100% (6/6)"/>
            <line number="6" hits="7" branch="false"/>
            <line number="7" hits="7" branch="true" condition-coverage="100% (2/2)"/>
            <line number="8" hits="7" branch="false"/>
            <line number="9" hits="7" branch="false"/>
            <line number="10" hits="7" branch="true" condition-coverage="100% (2/2)"/>
            <line number="11" hits="7" branch="false"/>
            <line number="12" hits="7" branch="false"/>
            <line number="13" hits="28" branch="false"/>
            <line number="14" hits="28" branch="false"/>
            <line number="20" hits="7" branch="false"/>
            <line number="21" hits="7" branch="false"/>
            <line number="25" hits="2" branch="false"/>
            <line number="28" hits="4" branch="true" condition-coverage="100% (6/6)"/>
            <line number="29" hits="4" branch="false"/>
            <line number="30" hits="4" branch="false"/>
            <line number="32" hits="4" branch="false"/>
            <line number="39" hits="4" branch="true" condition-coverage="100% (2/2)"/>
            <line number="40" hits="1" branch="false"/>
          </lines>
        </class>
      </classes>
    </package>
    <package name="transaction-history.get-transaction-history" line-rate="1" branch-rate="1">
      <classes>
        <class name="getTransactionHistory.js" filename="transaction-history\get-transaction-history\getTransactionHistory.js" line-rate="1" branch-rate="1">
          <methods>
            <method name="(anonymous_0)" hits="7" signature="()V">
              <lines>
                <line number="3" hits="7"/>
              </lines>
            </method>
          </methods>
          <lines>
            <line number="1" hits="2" branch="false"/>
            <line number="3" hits="2" branch="false"/>
            <line number="4" hits="7" branch="false"/>
            <line number="5" hits="7" branch="false"/>
            <line number="6" hits="7" branch="false"/>
            <line number="7" hits="7" branch="false"/>
            <line number="8" hits="7" branch="false"/>
            <line number="10" hits="7" branch="false"/>
            <line number="12" hits="7" branch="false"/>
            <line number="13" hits="5" branch="true" condition-coverage="100% (2/2)"/>
            <line number="14" hits="2" branch="false"/>
            <line number="15" hits="2" branch="false"/>
            <line number="18" hits="2" branch="false"/>
            <line number="19" hits="2" branch="false"/>
            <line number="22" hits="3" branch="false"/>
            <line number="23" hits="3" branch="false"/>
            <line number="25" hits="5" branch="false"/>
          </lines>
        </class>
      </classes>
    </package>
    <package name="transaction-history.id-verification" line-rate="1" branch-rate="1">
      <classes>
        <class name="idVerification.js" filename="transaction-history\id-verification\idVerification.js" line-rate="1" branch-rate="1">
          <methods>
            <method name="(anonymous_0)" hits="6" signature="()V">
              <lines>
                <line number="9" hits="6"/>
              </lines>
            </method>
            <method name="(anonymous_1)" hits="5" signature="()V">
              <lines>
                <line number="10" hits="5"/>
              </lines>
            </method>
          </methods>
          <lines>
            <line number="1" hits="2" branch="false"/>
            <line number="2" hits="2" branch="false"/>
            <line number="3" hits="2" branch="false"/>
            <line number="4" hits="2" branch="false"/>
            <line number="6" hits="2" branch="false"/>
            <line number="7" hits="2" branch="false"/>
            <line number="10" hits="6" branch="false"/>
            <line number="11" hits="5" branch="false"/>
            <line number="12" hits="5" branch="true" condition-coverage="100% (6/6)"/>
            <line number="13" hits="5" branch="false"/>
            <line number="14" hits="5" branch="false"/>
            <line number="15" hits="5" branch="true" condition-coverage="100% (2/2)"/>
            <line number="16" hits="3" branch="false"/>
            <line number="17" hits="3" branch="false"/>
            <line number="18" hits="3" branch="false"/>
            <line number="20" hits="2" branch="false"/>
          </lines>
        </class>
      </classes>
    </package>
    <package name="transaction-history.selection-hander" line-rate="1" branch-rate="1">
      <classes>
        <class name="on-select.js" filename="transaction-history\selection-hander\on-select.js" line-rate="1" branch-rate="1">
          <methods>
            <method name="(anonymous_0)" hits="5" signature="()V">
              <lines>
                <line number="5" hits="5"/>
              </lines>
            </method>
            <method name="(anonymous_1)" hits="2" signature="()V">
              <lines>
                <line number="6" hits="2"/>
              </lines>
            </method>
          </methods>
          <lines>
            <line number="1" hits="2" branch="false"/>
            <line number="2" hits="2" branch="false"/>
            <line number="3" hits="2" branch="false"/>
            <line number="6" hits="5" branch="false"/>
            <line number="7" hits="2" branch="false"/>
            <line number="8" hits="2" branch="false"/>
          </lines>
        </class>
      </classes>
    </package>
    <package name="utils.translator" line-rate="1" branch-rate="1">
      <classes>
        <class name="translator.js" filename="utils\translator\translator.js" line-rate="1" branch-rate="1">
          <methods>
            <method name="escapeRegExp" hits="1176" signature="()V">
              <lines>
                <line number="1" hits="1176"/>
              </lines>
            </method>
            <method name="replaceAll" hits="1176" signature="()V">
              <lines>
                <line number="4" hits="1176"/>
              </lines>
            </method>
            <method name="createTranslator" hits="479" signature="()V">
              <lines>
                <line number="8" hits="479"/>
              </lines>
            </method>
            <method name="(anonymous_3)" hits="1034" signature="()V">
              <lines>
                <line number="11" hits="1034"/>
              </lines>
            </method>
            <method name="(anonymous_4)" hits="1176" signature="()V">
              <lines>
                <line number="18" hits="1176"/>
              </lines>
            </method>
          </methods>
          <lines>
            <line number="2" hits="1176" branch="false"/>
            <line number="5" hits="1176" branch="false"/>
            <line number="9" hits="479" branch="true" condition-coverage="100% (2/2)"/>
            <line number="10" hits="478" branch="true" condition-coverage="100% (2/2)"/>
            <line number="11" hits="477" branch="false"/>
            <line number="12" hits="1034" branch="false"/>
            <line number="13" hits="1034" branch="true" condition-coverage="100% (2/2)"/>
            <line number="14" hits="1033" branch="true" condition-coverage="100% (5/5)"/>
            <line number="15" hits="1033" branch="true" condition-coverage="100% (2/2)"/>
            <line number="16" hits="1032" branch="false"/>
            <line number="17" hits="1032" branch="true" condition-coverage="100% (4/4)"/>
            <line number="18" hits="538" branch="false"/>
            <line number="19" hits="1176" branch="false"/>
            <line number="22" hits="1032" branch="false"/>
            <line number="24" hits="477" branch="false"/>
            <line number="27" hits="170" branch="false"/>
          </lines>
        </class>
      </classes>
    </package>
    <package name="warranty-expiration" line-rate="1" branch-rate="1">
      <classes>
        <class name="translations.js" filename="warranty-expiration\translations.js" line-rate="1" branch-rate="1">
          <methods>
          </methods>
          <lines>
            <line number="1" hits="3" branch="false"/>
          </lines>
        </class>
        <class name="warrantyExpiration.js" filename="warranty-expiration\warrantyExpiration.js" line-rate="1" branch-rate="1">
          <methods>
            <method name="(anonymous_0)" hits="4" signature="()V">
              <lines>
                <line number="8" hits="4"/>
              </lines>
            </method>
            <method name="onSerialNumberReceived" hits="3" signature="()V">
              <lines>
                <line number="9" hits="3"/>
              </lines>
            </method>
            <method name="(anonymous_2)" hits="4" signature="()V">
              <lines>
                <line number="24" hits="4"/>
              </lines>
            </method>
          </methods>
          <lines>
            <line number="1" hits="1" branch="false"/>
            <line number="2" hits="1" branch="false"/>
            <line number="3" hits="1" branch="false"/>
            <line number="4" hits="1" branch="false"/>
            <line number="5" hits="1" branch="false"/>
            <line number="7" hits="1" branch="false"/>
            <line number="10" hits="3" branch="false"/>
            <line number="11" hits="3" branch="false"/>
            <line number="13" hits="3" branch="false"/>
            <line number="14" hits="3" branch="true" condition-coverage="100% (2/2)"/>
            <line number="18" hits="3" branch="false"/>
            <line number="19" hits="3" branch="false"/>
            <line number="22" hits="4" branch="false"/>
            <line number="25" hits="4" branch="false"/>
            <line number="26" hits="4" branch="false"/>
            <line number="27" hits="4" branch="false"/>
            <line number="28" hits="4" branch="false"/>
            <line number="29" hits="4" branch="false"/>
            <line number="30" hits="4" branch="false"/>
            <line number="31" hits="4" branch="false"/>
          </lines>
        </class>
      </classes>
    </package>
    <package name="warranty-expiration.serial-number-handler" line-rate="1" branch-rate="1">
      <classes>
        <class name="serialNumberHandler.js" filename="warranty-expiration\serial-number-handler\serialNumberHandler.js" line-rate="1" branch-rate="1">
          <methods>
            <method name="(anonymous_0)" hits="4" signature="()V">
              <lines>
                <line number="10" hits="4"/>
              </lines>
            </method>
            <method name="(anonymous_1)" hits="4" signature="()V">
              <lines>
                <line number="11" hits="4"/>
              </lines>
            </method>
          </methods>
          <lines>
            <line number="1" hits="2" branch="false"/>
            <line number="2" hits="2" branch="false"/>
            <line number="3" hits="2" branch="false"/>
            <line number="5" hits="2" branch="false"/>
            <line number="7" hits="2" branch="false"/>
            <line number="11" hits="4" branch="false"/>
            <line number="12" hits="4" branch="false"/>
            <line number="13" hits="4" branch="false"/>
            <line number="14" hits="4" branch="false"/>
            <line number="15" hits="4" branch="true" condition-coverage="100% (2/2)"/>
            <line number="16" hits="2" branch="false"/>
            <line number="18" hits="2" branch="false"/>
            <line number="19" hits="2" branch="false"/>
            <line number="20" hits="2" branch="false"/>
          </lines>
        </class>
      </classes>
    </package>
  </packages>
</coverage>
