{"total": {"lines":{"total":4309,"covered":4234,"skipped":0,"pct":98.26},"statements":{"total":4346,"covered":4271,"skipped":0,"pct":98.27},"functions":{"total":371,"covered":370,"skipped":0,"pct":99.73},"branches":{"total":1191,"covered":1078,"skipped":0,"pct":90.51}}
,"C:\\Users\\Hp\\Desktop\\sabin\\oaf repos\\ussd\\ussd-sms\\Roster-endpoints\\enrollOrder.js": {"lines":{"total":24,"covered":24,"skipped":0,"pct":100},"functions":{"total":1,"covered":1,"skipped":0,"pct":100},"statements":{"total":24,"covered":24,"skipped":0,"pct":100},"branches":{"total":2,"covered":2,"skipped":0,"pct":100}}
,"C:\\Users\\Hp\\Desktop\\sabin\\oaf repos\\ussd\\ussd-sms\\Roster-endpoints\\Fo-info\\getFoInfo.js": {"lines":{"total":17,"covered":17,"skipped":0,"pct":100},"functions":{"total":1,"covered":1,"skipped":0,"pct":100},"statements":{"total":17,"covered":17,"skipped":0,"pct":100},"branches":{"total":2,"covered":2,"skipped":0,"pct":100}}
,"C:\\Users\\Hp\\Desktop\\sabin\\oaf repos\\ussd\\ussd-sms\\agrodealer-locator\\agrodealerLocator.js": {"lines":{"total":17,"covered":17,"skipped":0,"pct":100},"functions":{"total":4,"covered":4,"skipped":0,"pct":100},"statements":{"total":17,"covered":17,"skipped":0,"pct":100},"branches":{"total":0,"covered":0,"skipped":0,"pct":100}}
,"C:\\Users\\Hp\\Desktop\\sabin\\oaf repos\\ussd\\ussd-sms\\agrodealer-locator\\getSectors.js": {"lines":{"total":28,"covered":28,"skipped":0,"pct":100},"functions":{"total":2,"covered":2,"skipped":0,"pct":100},"statements":{"total":28,"covered":28,"skipped":0,"pct":100},"branches":{"total":6,"covered":5,"skipped":0,"pct":83.33}}
,"C:\\Users\\Hp\\Desktop\\sabin\\oaf repos\\ussd\\ussd-sms\\agrodealer-locator\\inputHandlers.js\\districtInputHandler.js": {"lines":{"total":25,"covered":25,"skipped":0,"pct":100},"functions":{"total":2,"covered":2,"skipped":0,"pct":100},"statements":{"total":25,"covered":25,"skipped":0,"pct":100},"branches":{"total":4,"covered":4,"skipped":0,"pct":100}}
,"C:\\Users\\Hp\\Desktop\\sabin\\oaf repos\\ussd\\ussd-sms\\agrodealer-locator\\inputHandlers.js\\sectorInputHandler.js": {"lines":{"total":26,"covered":26,"skipped":0,"pct":100},"functions":{"total":2,"covered":2,"skipped":0,"pct":100},"statements":{"total":26,"covered":26,"skipped":0,"pct":100},"branches":{"total":8,"covered":8,"skipped":0,"pct":100}}
,"C:\\Users\\Hp\\Desktop\\sabin\\oaf repos\\ussd\\ussd-sms\\agrodealer-locator\\translations\\index.js": {"lines":{"total":1,"covered":1,"skipped":0,"pct":100},"functions":{"total":0,"covered":0,"skipped":0,"pct":100},"statements":{"total":1,"covered":1,"skipped":0,"pct":100},"branches":{"total":0,"covered":0,"skipped":0,"pct":100}}
,"C:\\Users\\Hp\\Desktop\\sabin\\oaf repos\\ussd\\ussd-sms\\avocado-trees-ordering\\avocadoTreesOrdering.js": {"lines":{"total":54,"covered":52,"skipped":0,"pct":96.3},"functions":{"total":4,"covered":4,"skipped":0,"pct":100},"statements":{"total":54,"covered":52,"skipped":0,"pct":96.3},"branches":{"total":12,"covered":11,"skipped":0,"pct":91.67}}
,"C:\\Users\\Hp\\Desktop\\sabin\\oaf repos\\ussd\\ussd-sms\\avocado-trees-ordering\\test-client-data.js": {"lines":{"total":2,"covered":2,"skipped":0,"pct":100},"functions":{"total":0,"covered":0,"skipped":0,"pct":100},"statements":{"total":2,"covered":2,"skipped":0,"pct":100},"branches":{"total":0,"covered":0,"skipped":0,"pct":100}}
,"C:\\Users\\Hp\\Desktop\\sabin\\oaf repos\\ussd\\ussd-sms\\avocado-trees-ordering\\translations.js": {"lines":{"total":1,"covered":1,"skipped":0,"pct":100},"functions":{"total":0,"covered":0,"skipped":0,"pct":100},"statements":{"total":1,"covered":1,"skipped":0,"pct":100},"branches":{"total":0,"covered":0,"skipped":0,"pct":100}}
,"C:\\Users\\Hp\\Desktop\\sabin\\oaf repos\\ussd\\ussd-sms\\avocado-trees-ordering\\avocado-eligibility\\avocadoEligibility.js": {"lines":{"total":22,"covered":22,"skipped":0,"pct":100},"functions":{"total":1,"covered":1,"skipped":0,"pct":100},"statements":{"total":22,"covered":22,"skipped":0,"pct":100},"branches":{"total":12,"covered":11,"skipped":0,"pct":91.67}}
,"C:\\Users\\Hp\\Desktop\\sabin\\oaf repos\\ussd\\ussd-sms\\avocado-trees-ordering\\confirm-order-handler\\confirmOrderHandler.js": {"lines":{"total":20,"covered":20,"skipped":0,"pct":100},"functions":{"total":2,"covered":2,"skipped":0,"pct":100},"statements":{"total":20,"covered":20,"skipped":0,"pct":100},"branches":{"total":6,"covered":6,"skipped":0,"pct":100}}
,"C:\\Users\\Hp\\Desktop\\sabin\\oaf repos\\ussd\\ussd-sms\\avocado-trees-ordering\\place-order-handler\\placeOrderHandler.js": {"lines":{"total":22,"covered":22,"skipped":0,"pct":100},"functions":{"total":3,"covered":3,"skipped":0,"pct":100},"statements":{"total":22,"covered":22,"skipped":0,"pct":100},"branches":{"total":8,"covered":8,"skipped":0,"pct":100}}
,"C:\\Users\\Hp\\Desktop\\sabin\\oaf repos\\ussd\\ussd-sms\\beyonic-update-retry\\beyonicUpdateRetry.js": {"lines":{"total":74,"covered":74,"skipped":0,"pct":100},"functions":{"total":0,"covered":0,"skipped":0,"pct":100},"statements":{"total":74,"covered":74,"skipped":0,"pct":100},"branches":{"total":49,"covered":41,"skipped":0,"pct":83.67}}
,"C:\\Users\\Hp\\Desktop\\sabin\\oaf repos\\ussd\\ussd-sms\\buyback-transactions\\buyBackTransactions.js": {"lines":{"total":23,"covered":23,"skipped":0,"pct":100},"functions":{"total":2,"covered":2,"skipped":0,"pct":100},"statements":{"total":23,"covered":23,"skipped":0,"pct":100},"branches":{"total":0,"covered":0,"skipped":0,"pct":100}}
,"C:\\Users\\Hp\\Desktop\\sabin\\oaf repos\\ussd\\ussd-sms\\buyback-transactions\\inputHandlers\\cropsInputHandler.js": {"lines":{"total":36,"covered":36,"skipped":0,"pct":100},"functions":{"total":3,"covered":3,"skipped":0,"pct":100},"statements":{"total":36,"covered":36,"skipped":0,"pct":100},"branches":{"total":4,"covered":4,"skipped":0,"pct":100}}
,"C:\\Users\\Hp\\Desktop\\sabin\\oaf repos\\ussd\\ussd-sms\\buyback-transactions\\inputHandlers\\kgsInputHandler.js": {"lines":{"total":19,"covered":19,"skipped":0,"pct":100},"functions":{"total":1,"covered":1,"skipped":0,"pct":100},"statements":{"total":19,"covered":19,"skipped":0,"pct":100},"branches":{"total":2,"covered":2,"skipped":0,"pct":100}}
,"C:\\Users\\Hp\\Desktop\\sabin\\oaf repos\\ussd\\ussd-sms\\buyback-transactions\\inputHandlers\\phoneNumberHandler.js": {"lines":{"total":18,"covered":18,"skipped":0,"pct":100},"functions":{"total":1,"covered":1,"skipped":0,"pct":100},"statements":{"total":18,"covered":18,"skipped":0,"pct":100},"branches":{"total":2,"covered":2,"skipped":0,"pct":100}}
,"C:\\Users\\Hp\\Desktop\\sabin\\oaf repos\\ussd\\ussd-sms\\buyback-transactions\\inputHandlers\\varietiesInputHandler.js": {"lines":{"total":17,"covered":17,"skipped":0,"pct":100},"functions":{"total":1,"covered":1,"skipped":0,"pct":100},"statements":{"total":17,"covered":17,"skipped":0,"pct":100},"branches":{"total":2,"covered":2,"skipped":0,"pct":100}}
,"C:\\Users\\Hp\\Desktop\\sabin\\oaf repos\\ussd\\ussd-sms\\buyback-transactions\\translations\\index.js": {"lines":{"total":1,"covered":1,"skipped":0,"pct":100},"functions":{"total":0,"covered":0,"skipped":0,"pct":100},"statements":{"total":1,"covered":1,"skipped":0,"pct":100},"branches":{"total":0,"covered":0,"skipped":0,"pct":100}}
,"C:\\Users\\Hp\\Desktop\\sabin\\oaf repos\\ussd\\ussd-sms\\chicken-services\\chickenServices.js": {"lines":{"total":64,"covered":64,"skipped":0,"pct":100},"functions":{"total":5,"covered":5,"skipped":0,"pct":100},"statements":{"total":65,"covered":65,"skipped":0,"pct":100},"branches":{"total":16,"covered":16,"skipped":0,"pct":100}}
,"C:\\Users\\Hp\\Desktop\\sabin\\oaf repos\\ussd\\ussd-sms\\chicken-services\\test-client-data.js": {"lines":{"total":2,"covered":2,"skipped":0,"pct":100},"functions":{"total":0,"covered":0,"skipped":0,"pct":100},"statements":{"total":2,"covered":2,"skipped":0,"pct":100},"branches":{"total":0,"covered":0,"skipped":0,"pct":100}}
,"C:\\Users\\Hp\\Desktop\\sabin\\oaf repos\\ussd\\ussd-sms\\chicken-services\\translations.js": {"lines":{"total":1,"covered":1,"skipped":0,"pct":100},"functions":{"total":0,"covered":0,"skipped":0,"pct":100},"statements":{"total":1,"covered":1,"skipped":0,"pct":100},"branches":{"total":0,"covered":0,"skipped":0,"pct":100}}
,"C:\\Users\\Hp\\Desktop\\sabin\\oaf repos\\ussd\\ussd-sms\\chicken-services\\change-order-confirmation\\changeOrderConfirmation.js": {"lines":{"total":21,"covered":21,"skipped":0,"pct":100},"functions":{"total":2,"covered":2,"skipped":0,"pct":100},"statements":{"total":21,"covered":21,"skipped":0,"pct":100},"branches":{"total":6,"covered":6,"skipped":0,"pct":100}}
,"C:\\Users\\Hp\\Desktop\\sabin\\oaf repos\\ussd\\ussd-sms\\chicken-services\\change-order-handler\\changeOrderHandler.js": {"lines":{"total":21,"covered":21,"skipped":0,"pct":100},"functions":{"total":2,"covered":2,"skipped":0,"pct":100},"statements":{"total":21,"covered":21,"skipped":0,"pct":100},"branches":{"total":6,"covered":6,"skipped":0,"pct":100}}
,"C:\\Users\\Hp\\Desktop\\sabin\\oaf repos\\ussd\\ussd-sms\\chicken-services\\check-chicken-cap-by-district\\CheckChickenCapByDistrict.js": {"lines":{"total":27,"covered":27,"skipped":0,"pct":100},"functions":{"total":1,"covered":1,"skipped":0,"pct":100},"statements":{"total":28,"covered":28,"skipped":0,"pct":100},"branches":{"total":8,"covered":7,"skipped":0,"pct":87.5}}
,"C:\\Users\\Hp\\Desktop\\sabin\\oaf repos\\ussd\\ussd-sms\\chicken-services\\check-chicken-cap-by-district\\capsByDistrict.js": {"lines":{"total":1,"covered":1,"skipped":0,"pct":100},"functions":{"total":0,"covered":0,"skipped":0,"pct":100},"statements":{"total":1,"covered":1,"skipped":0,"pct":100},"branches":{"total":0,"covered":0,"skipped":0,"pct":100}}
,"C:\\Users\\Hp\\Desktop\\sabin\\oaf repos\\ussd\\ussd-sms\\chicken-services\\chicken-eligibility\\chickenEligibility.js": {"lines":{"total":27,"covered":27,"skipped":0,"pct":100},"functions":{"total":1,"covered":1,"skipped":0,"pct":100},"statements":{"total":27,"covered":27,"skipped":0,"pct":100},"branches":{"total":16,"covered":16,"skipped":0,"pct":100}}
,"C:\\Users\\Hp\\Desktop\\sabin\\oaf repos\\ussd\\ussd-sms\\chicken-services\\place-order-handler\\placeOrderHandler.js": {"lines":{"total":21,"covered":21,"skipped":0,"pct":100},"functions":{"total":2,"covered":2,"skipped":0,"pct":100},"statements":{"total":21,"covered":21,"skipped":0,"pct":100},"branches":{"total":6,"covered":6,"skipped":0,"pct":100}}
,"C:\\Users\\Hp\\Desktop\\sabin\\oaf repos\\ussd\\ussd-sms\\chicken-services\\possible-order-handler\\possibleOrderHandler.js": {"lines":{"total":13,"covered":13,"skipped":0,"pct":100},"functions":{"total":2,"covered":2,"skipped":0,"pct":100},"statements":{"total":13,"covered":13,"skipped":0,"pct":100},"branches":{"total":5,"covered":5,"skipped":0,"pct":100}}
,"C:\\Users\\Hp\\Desktop\\sabin\\oaf repos\\ussd\\ussd-sms\\client-enrollment\\clientEnrollment.js": {"lines":{"total":65,"covered":63,"skipped":0,"pct":96.92},"functions":{"total":4,"covered":4,"skipped":0,"pct":100},"statements":{"total":65,"covered":63,"skipped":0,"pct":96.92},"branches":{"total":24,"covered":22,"skipped":0,"pct":91.67}}
,"C:\\Users\\Hp\\Desktop\\sabin\\oaf repos\\ussd\\ussd-sms\\client-enrollment\\test-client-data.js": {"lines":{"total":2,"covered":2,"skipped":0,"pct":100},"functions":{"total":0,"covered":0,"skipped":0,"pct":100},"statements":{"total":2,"covered":2,"skipped":0,"pct":100},"branches":{"total":0,"covered":0,"skipped":0,"pct":100}}
,"C:\\Users\\Hp\\Desktop\\sabin\\oaf repos\\ussd\\ussd-sms\\client-enrollment\\test-client-with-loan.js": {"lines":{"total":2,"covered":2,"skipped":0,"pct":100},"functions":{"total":0,"covered":0,"skipped":0,"pct":100},"statements":{"total":2,"covered":2,"skipped":0,"pct":100},"branches":{"total":0,"covered":0,"skipped":0,"pct":100}}
,"C:\\Users\\Hp\\Desktop\\sabin\\oaf repos\\ussd\\ussd-sms\\client-enrollment\\translations.js": {"lines":{"total":1,"covered":1,"skipped":0,"pct":100},"functions":{"total":0,"covered":0,"skipped":0,"pct":100},"statements":{"total":1,"covered":1,"skipped":0,"pct":100},"branches":{"total":0,"covered":0,"skipped":0,"pct":100}}
,"C:\\Users\\Hp\\Desktop\\sabin\\oaf repos\\ussd\\ussd-sms\\client-registration\\clientRegistration.js": {"lines":{"total":331,"covered":319,"skipped":0,"pct":96.37},"functions":{"total":24,"covered":23,"skipped":0,"pct":95.83},"statements":{"total":339,"covered":327,"skipped":0,"pct":96.46},"branches":{"total":96,"covered":77,"skipped":0,"pct":80.21}}
,"C:\\Users\\Hp\\Desktop\\sabin\\oaf repos\\ussd\\ussd-sms\\client-registration\\translations.js": {"lines":{"total":1,"covered":1,"skipped":0,"pct":100},"functions":{"total":0,"covered":0,"skipped":0,"pct":100},"statements":{"total":1,"covered":1,"skipped":0,"pct":100},"branches":{"total":0,"covered":0,"skipped":0,"pct":100}}
,"C:\\Users\\Hp\\Desktop\\sabin\\oaf repos\\ussd\\ussd-sms\\client-registration\\add-order-handler\\addOrderHandler.js": {"lines":{"total":17,"covered":17,"skipped":0,"pct":100},"functions":{"total":2,"covered":2,"skipped":0,"pct":100},"statements":{"total":17,"covered":17,"skipped":0,"pct":100},"branches":{"total":6,"covered":6,"skipped":0,"pct":100}}
,"C:\\Users\\Hp\\Desktop\\sabin\\oaf repos\\ussd\\ussd-sms\\client-registration\\bundle-choice-handler\\bundleChoiceHandler.js": {"lines":{"total":32,"covered":32,"skipped":0,"pct":100},"functions":{"total":3,"covered":3,"skipped":0,"pct":100},"statements":{"total":32,"covered":32,"skipped":0,"pct":100},"branches":{"total":18,"covered":16,"skipped":0,"pct":88.89}}
,"C:\\Users\\Hp\\Desktop\\sabin\\oaf repos\\ussd\\ussd-sms\\client-registration\\confirm-national-id-handler\\confirmNationalIdHandler.js": {"lines":{"total":13,"covered":13,"skipped":0,"pct":100},"functions":{"total":2,"covered":2,"skipped":0,"pct":100},"statements":{"total":13,"covered":13,"skipped":0,"pct":100},"branches":{"total":2,"covered":2,"skipped":0,"pct":100}}
,"C:\\Users\\Hp\\Desktop\\sabin\\oaf repos\\ussd\\ussd-sms\\client-registration\\confirm-phone-number-hundler\\confirmPhoneNumberHandler.js": {"lines":{"total":13,"covered":13,"skipped":0,"pct":100},"functions":{"total":2,"covered":2,"skipped":0,"pct":100},"statements":{"total":13,"covered":13,"skipped":0,"pct":100},"branches":{"total":2,"covered":2,"skipped":0,"pct":100}}
,"C:\\Users\\Hp\\Desktop\\sabin\\oaf repos\\ussd\\ussd-sms\\client-registration\\continue\\continue.js": {"lines":{"total":8,"covered":8,"skipped":0,"pct":100},"functions":{"total":2,"covered":2,"skipped":0,"pct":100},"statements":{"total":8,"covered":8,"skipped":0,"pct":100},"branches":{"total":2,"covered":2,"skipped":0,"pct":100}}
,"C:\\Users\\Hp\\Desktop\\sabin\\oaf repos\\ussd\\ussd-sms\\client-registration\\first-name-handler\\firstNameHandler.js": {"lines":{"total":7,"covered":7,"skipped":0,"pct":100},"functions":{"total":2,"covered":2,"skipped":0,"pct":100},"statements":{"total":7,"covered":7,"skipped":0,"pct":100},"branches":{"total":0,"covered":0,"skipped":0,"pct":100}}
,"C:\\Users\\Hp\\Desktop\\sabin\\oaf repos\\ussd\\ussd-sms\\client-registration\\group-code-handler\\groupCodeHandler.js": {"lines":{"total":23,"covered":23,"skipped":0,"pct":100},"functions":{"total":3,"covered":3,"skipped":0,"pct":100},"statements":{"total":23,"covered":23,"skipped":0,"pct":100},"branches":{"total":9,"covered":9,"skipped":0,"pct":100}}
,"C:\\Users\\Hp\\Desktop\\sabin\\oaf repos\\ussd\\ussd-sms\\client-registration\\group-leader-question-handler\\groupLeaderQuestionHandler.js": {"lines":{"total":16,"covered":16,"skipped":0,"pct":100},"functions":{"total":2,"covered":2,"skipped":0,"pct":100},"statements":{"total":16,"covered":16,"skipped":0,"pct":100},"branches":{"total":6,"covered":6,"skipped":0,"pct":100}}
,"C:\\Users\\Hp\\Desktop\\sabin\\oaf repos\\ussd\\ussd-sms\\client-registration\\national-id-handler\\nationalIdHandler.js": {"lines":{"total":21,"covered":21,"skipped":0,"pct":100},"functions":{"total":3,"covered":3,"skipped":0,"pct":100},"statements":{"total":23,"covered":23,"skipped":0,"pct":100},"branches":{"total":14,"covered":12,"skipped":0,"pct":85.71}}
,"C:\\Users\\Hp\\Desktop\\sabin\\oaf repos\\ussd\\ussd-sms\\client-registration\\order-confirmation-handler\\orderConfirmationHandler.js": {"lines":{"total":14,"covered":14,"skipped":0,"pct":100},"functions":{"total":2,"covered":2,"skipped":0,"pct":100},"statements":{"total":14,"covered":14,"skipped":0,"pct":100},"branches":{"total":4,"covered":4,"skipped":0,"pct":100}}
,"C:\\Users\\Hp\\Desktop\\sabin\\oaf repos\\ussd\\ussd-sms\\client-registration\\phone-number-handler\\phoneNumberHandler.js": {"lines":{"total":17,"covered":17,"skipped":0,"pct":100},"functions":{"total":3,"covered":3,"skipped":0,"pct":100},"statements":{"total":17,"covered":17,"skipped":0,"pct":100},"branches":{"total":12,"covered":11,"skipped":0,"pct":91.67}}
,"C:\\Users\\Hp\\Desktop\\sabin\\oaf repos\\ussd\\ussd-sms\\client-registration\\second-name-handler\\secondNameHandler.js": {"lines":{"total":7,"covered":7,"skipped":0,"pct":100},"functions":{"total":2,"covered":2,"skipped":0,"pct":100},"statements":{"total":7,"covered":7,"skipped":0,"pct":100},"branches":{"total":4,"covered":4,"skipped":0,"pct":100}}
,"C:\\Users\\Hp\\Desktop\\sabin\\oaf repos\\ussd\\ussd-sms\\client-registration\\variety-choice-handler\\varietyChoiceHandler.js": {"lines":{"total":49,"covered":49,"skipped":0,"pct":100},"functions":{"total":5,"covered":5,"skipped":0,"pct":100},"statements":{"total":50,"covered":50,"skipped":0,"pct":100},"branches":{"total":22,"covered":21,"skipped":0,"pct":95.45}}
,"C:\\Users\\Hp\\Desktop\\sabin\\oaf repos\\ussd\\ussd-sms\\client-registration\\variety-confirmation-handler\\varietyConfirmationHandler.js": {"lines":{"total":11,"covered":11,"skipped":0,"pct":100},"functions":{"total":2,"covered":2,"skipped":0,"pct":100},"statements":{"total":11,"covered":11,"skipped":0,"pct":100},"branches":{"total":2,"covered":2,"skipped":0,"pct":100}}
,"C:\\Users\\Hp\\Desktop\\sabin\\oaf repos\\ussd\\ussd-sms\\contact-call-center\\contactCallCenter.js": {"lines":{"total":13,"covered":13,"skipped":0,"pct":100},"functions":{"total":2,"covered":2,"skipped":0,"pct":100},"statements":{"total":13,"covered":13,"skipped":0,"pct":100},"branches":{"total":2,"covered":2,"skipped":0,"pct":100}}
,"C:\\Users\\Hp\\Desktop\\sabin\\oaf repos\\ussd\\ussd-sms\\contact-call-center\\menuOptions.js": {"lines":{"total":1,"covered":1,"skipped":0,"pct":100},"functions":{"total":0,"covered":0,"skipped":0,"pct":100},"statements":{"total":1,"covered":1,"skipped":0,"pct":100},"branches":{"total":0,"covered":0,"skipped":0,"pct":100}}
,"C:\\Users\\Hp\\Desktop\\sabin\\oaf repos\\ussd\\ussd-sms\\contact-call-center\\inputHandlers\\contactCallCenterInputHandler.js": {"lines":{"total":34,"covered":34,"skipped":0,"pct":100},"functions":{"total":2,"covered":2,"skipped":0,"pct":100},"statements":{"total":34,"covered":34,"skipped":0,"pct":100},"branches":{"total":12,"covered":12,"skipped":0,"pct":100}}
,"C:\\Users\\Hp\\Desktop\\sabin\\oaf repos\\ussd\\ussd-sms\\contact-call-center\\translations\\index.js": {"lines":{"total":1,"covered":1,"skipped":0,"pct":100},"functions":{"total":0,"covered":0,"skipped":0,"pct":100},"statements":{"total":1,"covered":1,"skipped":0,"pct":100},"branches":{"total":0,"covered":0,"skipped":0,"pct":100}}
,"C:\\Users\\Hp\\Desktop\\sabin\\oaf repos\\ussd\\ussd-sms\\contact-call-center\\utils\\callBackTimeCheck.js": {"lines":{"total":11,"covered":11,"skipped":0,"pct":100},"functions":{"total":1,"covered":1,"skipped":0,"pct":100},"statements":{"total":12,"covered":12,"skipped":0,"pct":100},"branches":{"total":4,"covered":4,"skipped":0,"pct":100}}
,"C:\\Users\\Hp\\Desktop\\sabin\\oaf repos\\ussd\\ussd-sms\\duka-client\\checkCreditOfficer.js": {"lines":{"total":8,"covered":8,"skipped":0,"pct":100},"functions":{"total":1,"covered":1,"skipped":0,"pct":100},"statements":{"total":8,"covered":8,"skipped":0,"pct":100},"branches":{"total":2,"covered":2,"skipped":0,"pct":100}}
,"C:\\Users\\Hp\\Desktop\\sabin\\oaf repos\\ussd\\ussd-sms\\duka-client\\dukaClient.js": {"lines":{"total":12,"covered":12,"skipped":0,"pct":100},"functions":{"total":2,"covered":2,"skipped":0,"pct":100},"statements":{"total":12,"covered":12,"skipped":0,"pct":100},"branches":{"total":0,"covered":0,"skipped":0,"pct":100}}
,"C:\\Users\\Hp\\Desktop\\sabin\\oaf repos\\ussd\\ussd-sms\\duka-client\\inputHandlers\\mainMenuInputHandler.js": {"lines":{"total":11,"covered":11,"skipped":0,"pct":100},"functions":{"total":2,"covered":2,"skipped":0,"pct":100},"statements":{"total":11,"covered":11,"skipped":0,"pct":100},"branches":{"total":2,"covered":2,"skipped":0,"pct":100}}
,"C:\\Users\\Hp\\Desktop\\sabin\\oaf repos\\ussd\\ussd-sms\\duka-client\\registration\\registration.js": {"lines":{"total":29,"covered":29,"skipped":0,"pct":100},"functions":{"total":2,"covered":2,"skipped":0,"pct":100},"statements":{"total":29,"covered":29,"skipped":0,"pct":100},"branches":{"total":0,"covered":0,"skipped":0,"pct":100}}
,"C:\\Users\\Hp\\Desktop\\sabin\\oaf repos\\ussd\\ussd-sms\\duka-client\\registration\\inputHandlers\\accountNumberInputHandler.js": {"lines":{"total":70,"covered":70,"skipped":0,"pct":100},"functions":{"total":7,"covered":7,"skipped":0,"pct":100},"statements":{"total":70,"covered":70,"skipped":0,"pct":100},"branches":{"total":16,"covered":16,"skipped":0,"pct":100}}
,"C:\\Users\\Hp\\Desktop\\sabin\\oaf repos\\ussd\\ussd-sms\\duka-client\\registration\\inputHandlers\\confirmFirstSecondNameInputHandler.js": {"lines":{"total":42,"covered":42,"skipped":0,"pct":100},"functions":{"total":2,"covered":2,"skipped":0,"pct":100},"statements":{"total":42,"covered":42,"skipped":0,"pct":100},"branches":{"total":10,"covered":10,"skipped":0,"pct":100}}
,"C:\\Users\\Hp\\Desktop\\sabin\\oaf repos\\ussd\\ussd-sms\\duka-client\\registration\\inputHandlers\\confirmInvoiceIdInputHandler.js": {"lines":{"total":29,"covered":29,"skipped":0,"pct":100},"functions":{"total":2,"covered":2,"skipped":0,"pct":100},"statements":{"total":29,"covered":29,"skipped":0,"pct":100},"branches":{"total":6,"covered":6,"skipped":0,"pct":100}}
,"C:\\Users\\Hp\\Desktop\\sabin\\oaf repos\\ussd\\ussd-sms\\duka-client\\registration\\inputHandlers\\confirmNidInputHandler.js": {"lines":{"total":20,"covered":20,"skipped":0,"pct":100},"functions":{"total":2,"covered":2,"skipped":0,"pct":100},"statements":{"total":20,"covered":20,"skipped":0,"pct":100},"branches":{"total":4,"covered":4,"skipped":0,"pct":100}}
,"C:\\Users\\Hp\\Desktop\\sabin\\oaf repos\\ussd\\ussd-sms\\duka-client\\registration\\inputHandlers\\confirmPhoneNumberInputHandler.js": {"lines":{"total":20,"covered":20,"skipped":0,"pct":100},"functions":{"total":2,"covered":2,"skipped":0,"pct":100},"statements":{"total":20,"covered":20,"skipped":0,"pct":100},"branches":{"total":4,"covered":4,"skipped":0,"pct":100}}
,"C:\\Users\\Hp\\Desktop\\sabin\\oaf repos\\ussd\\ussd-sms\\duka-client\\registration\\inputHandlers\\firstNameInputHandler.js": {"lines":{"total":18,"covered":18,"skipped":0,"pct":100},"functions":{"total":2,"covered":2,"skipped":0,"pct":100},"statements":{"total":18,"covered":18,"skipped":0,"pct":100},"branches":{"total":2,"covered":2,"skipped":0,"pct":100}}
,"C:\\Users\\Hp\\Desktop\\sabin\\oaf repos\\ussd\\ussd-sms\\duka-client\\registration\\inputHandlers\\invoiceIdInputHandler.js": {"lines":{"total":14,"covered":14,"skipped":0,"pct":100},"functions":{"total":2,"covered":2,"skipped":0,"pct":100},"statements":{"total":14,"covered":14,"skipped":0,"pct":100},"branches":{"total":0,"covered":0,"skipped":0,"pct":100}}
,"C:\\Users\\Hp\\Desktop\\sabin\\oaf repos\\ussd\\ussd-sms\\duka-client\\registration\\inputHandlers\\nationalIdInputHandler.js": {"lines":{"total":19,"covered":19,"skipped":0,"pct":100},"functions":{"total":2,"covered":2,"skipped":0,"pct":100},"statements":{"total":19,"covered":19,"skipped":0,"pct":100},"branches":{"total":4,"covered":4,"skipped":0,"pct":100}}
,"C:\\Users\\Hp\\Desktop\\sabin\\oaf repos\\ussd\\ussd-sms\\duka-client\\registration\\inputHandlers\\phoneNumberInputHandler.js": {"lines":{"total":19,"covered":19,"skipped":0,"pct":100},"functions":{"total":2,"covered":2,"skipped":0,"pct":100},"statements":{"total":19,"covered":19,"skipped":0,"pct":100},"branches":{"total":2,"covered":2,"skipped":0,"pct":100}}
,"C:\\Users\\Hp\\Desktop\\sabin\\oaf repos\\ussd\\ussd-sms\\duka-client\\registration\\inputHandlers\\secondNameInputHandler.js": {"lines":{"total":18,"covered":18,"skipped":0,"pct":100},"functions":{"total":2,"covered":2,"skipped":0,"pct":100},"statements":{"total":18,"covered":18,"skipped":0,"pct":100},"branches":{"total":2,"covered":2,"skipped":0,"pct":100}}
,"C:\\Users\\Hp\\Desktop\\sabin\\oaf repos\\ussd\\ussd-sms\\duka-client\\registration\\inputHandlers\\transactionTypeInputHandler.js": {"lines":{"total":18,"covered":18,"skipped":0,"pct":100},"functions":{"total":2,"covered":2,"skipped":0,"pct":100},"statements":{"total":18,"covered":18,"skipped":0,"pct":100},"branches":{"total":2,"covered":2,"skipped":0,"pct":100}}
,"C:\\Users\\Hp\\Desktop\\sabin\\oaf repos\\ussd\\ussd-sms\\duka-client\\registration\\translations\\index.js": {"lines":{"total":1,"covered":1,"skipped":0,"pct":100},"functions":{"total":0,"covered":0,"skipped":0,"pct":100},"statements":{"total":1,"covered":1,"skipped":0,"pct":100},"branches":{"total":0,"covered":0,"skipped":0,"pct":100}}
,"C:\\Users\\Hp\\Desktop\\sabin\\oaf repos\\ussd\\ussd-sms\\duka-client\\translations\\index.js": {"lines":{"total":1,"covered":1,"skipped":0,"pct":100},"functions":{"total":0,"covered":0,"skipped":0,"pct":100},"statements":{"total":1,"covered":1,"skipped":0,"pct":100},"branches":{"total":0,"covered":0,"skipped":0,"pct":100}}
,"C:\\Users\\Hp\\Desktop\\sabin\\oaf repos\\ussd\\ussd-sms\\duka-locator\\index.js": {"lines":{"total":30,"covered":30,"skipped":0,"pct":100},"functions":{"total":2,"covered":2,"skipped":0,"pct":100},"statements":{"total":30,"covered":30,"skipped":0,"pct":100},"branches":{"total":0,"covered":0,"skipped":0,"pct":100}}
,"C:\\Users\\Hp\\Desktop\\sabin\\oaf repos\\ussd\\ussd-sms\\duka-locator\\inputHandlers\\contactDukaAgentHandler.js": {"lines":{"total":18,"covered":18,"skipped":0,"pct":100},"functions":{"total":1,"covered":1,"skipped":0,"pct":100},"statements":{"total":18,"covered":18,"skipped":0,"pct":100},"branches":{"total":6,"covered":6,"skipped":0,"pct":100}}
,"C:\\Users\\Hp\\Desktop\\sabin\\oaf repos\\ussd\\ussd-sms\\duka-locator\\inputHandlers\\countyHandler.js": {"lines":{"total":36,"covered":29,"skipped":0,"pct":80.56},"functions":{"total":1,"covered":1,"skipped":0,"pct":100},"statements":{"total":36,"covered":29,"skipped":0,"pct":80.56},"branches":{"total":11,"covered":6,"skipped":0,"pct":54.55}}
,"C:\\Users\\Hp\\Desktop\\sabin\\oaf repos\\ussd\\ussd-sms\\duka-locator\\inputHandlers\\dukaHandler.js": {"lines":{"total":22,"covered":22,"skipped":0,"pct":100},"functions":{"total":1,"covered":1,"skipped":0,"pct":100},"statements":{"total":22,"covered":22,"skipped":0,"pct":100},"branches":{"total":6,"covered":5,"skipped":0,"pct":83.33}}
,"C:\\Users\\Hp\\Desktop\\sabin\\oaf repos\\ussd\\ussd-sms\\duka-locator\\inputHandlers\\regionHandler.js": {"lines":{"total":44,"covered":37,"skipped":0,"pct":84.09},"functions":{"total":1,"covered":1,"skipped":0,"pct":100},"statements":{"total":44,"covered":37,"skipped":0,"pct":84.09},"branches":{"total":16,"covered":11,"skipped":0,"pct":68.75}}
,"C:\\Users\\Hp\\Desktop\\sabin\\oaf repos\\ussd\\ussd-sms\\duka-locator\\translations\\index.js": {"lines":{"total":2,"covered":2,"skipped":0,"pct":100},"functions":{"total":0,"covered":0,"skipped":0,"pct":100},"statements":{"total":2,"covered":2,"skipped":0,"pct":100},"branches":{"total":0,"covered":0,"skipped":0,"pct":100}}
,"C:\\Users\\Hp\\Desktop\\sabin\\oaf repos\\ussd\\ussd-sms\\duka-receipts\\dukaReceipts.js": {"lines":{"total":22,"covered":22,"skipped":0,"pct":100},"functions":{"total":3,"covered":3,"skipped":0,"pct":100},"statements":{"total":22,"covered":22,"skipped":0,"pct":100},"branches":{"total":4,"covered":3,"skipped":0,"pct":75}}
,"C:\\Users\\Hp\\Desktop\\sabin\\oaf repos\\ussd\\ussd-sms\\duka-receipts\\objectKeysFilter.js": {"lines":{"total":5,"covered":5,"skipped":0,"pct":100},"functions":{"total":2,"covered":2,"skipped":0,"pct":100},"statements":{"total":5,"covered":5,"skipped":0,"pct":100},"branches":{"total":0,"covered":0,"skipped":0,"pct":100}}
,"C:\\Users\\Hp\\Desktop\\sabin\\oaf repos\\ussd\\ussd-sms\\fo-details\\foDetails.js": {"lines":{"total":12,"covered":12,"skipped":0,"pct":100},"functions":{"total":1,"covered":1,"skipped":0,"pct":100},"statements":{"total":12,"covered":12,"skipped":0,"pct":100},"branches":{"total":2,"covered":2,"skipped":0,"pct":100}}
,"C:\\Users\\Hp\\Desktop\\sabin\\oaf repos\\ussd\\ussd-sms\\fo-details\\translations.js": {"lines":{"total":1,"covered":1,"skipped":0,"pct":100},"functions":{"total":0,"covered":0,"skipped":0,"pct":100},"statements":{"total":1,"covered":1,"skipped":0,"pct":100},"branches":{"total":0,"covered":0,"skipped":0,"pct":100}}
,"C:\\Users\\Hp\\Desktop\\sabin\\oaf repos\\ussd\\ussd-sms\\group-codes-validation\\RW-group-validation\\validateGroup.js": {"lines":{"total":6,"covered":6,"skipped":0,"pct":100},"functions":{"total":1,"covered":1,"skipped":0,"pct":100},"statements":{"total":6,"covered":6,"skipped":0,"pct":100},"branches":{"total":2,"covered":2,"skipped":0,"pct":100}}
,"C:\\Users\\Hp\\Desktop\\sabin\\oaf repos\\ussd\\ussd-sms\\group-repayments\\groupRepayments.js": {"lines":{"total":27,"covered":24,"skipped":0,"pct":88.89},"functions":{"total":2,"covered":2,"skipped":0,"pct":100},"statements":{"total":27,"covered":24,"skipped":0,"pct":88.89},"branches":{"total":0,"covered":0,"skipped":0,"pct":100}}
,"C:\\Users\\Hp\\Desktop\\sabin\\oaf repos\\ussd\\ussd-sms\\group-repayments\\api\\groupRepaymentsApi.js": {"lines":{"total":14,"covered":11,"skipped":0,"pct":78.57},"functions":{"total":1,"covered":1,"skipped":0,"pct":100},"statements":{"total":14,"covered":11,"skipped":0,"pct":78.57},"branches":{"total":2,"covered":1,"skipped":0,"pct":50}}
,"C:\\Users\\Hp\\Desktop\\sabin\\oaf repos\\ussd\\ussd-sms\\group-repayments\\inputHandlers\\groupSummaryHandler.js": {"lines":{"total":14,"covered":14,"skipped":0,"pct":100},"functions":{"total":1,"covered":1,"skipped":0,"pct":100},"statements":{"total":14,"covered":14,"skipped":0,"pct":100},"branches":{"total":2,"covered":2,"skipped":0,"pct":100}}
,"C:\\Users\\Hp\\Desktop\\sabin\\oaf repos\\ussd\\ussd-sms\\group-repayments\\inputHandlers\\individualBalanceHandler.js": {"lines":{"total":41,"covered":41,"skipped":0,"pct":100},"functions":{"total":1,"covered":1,"skipped":0,"pct":100},"statements":{"total":41,"covered":41,"skipped":0,"pct":100},"branches":{"total":10,"covered":10,"skipped":0,"pct":100}}
,"C:\\Users\\Hp\\Desktop\\sabin\\oaf repos\\ussd\\ussd-sms\\group-repayments\\inputHandlers\\lastFourIdDigitsHandler.js": {"lines":{"total":78,"covered":62,"skipped":0,"pct":79.49},"functions":{"total":3,"covered":3,"skipped":0,"pct":100},"statements":{"total":79,"covered":63,"skipped":0,"pct":79.75},"branches":{"total":24,"covered":13,"skipped":0,"pct":54.17}}
,"C:\\Users\\Hp\\Desktop\\sabin\\oaf repos\\ussd\\ussd-sms\\group-repayments\\translations\\message-translations.js": {"lines":{"total":1,"covered":1,"skipped":0,"pct":100},"functions":{"total":0,"covered":0,"skipped":0,"pct":100},"statements":{"total":1,"covered":1,"skipped":0,"pct":100},"branches":{"total":0,"covered":0,"skipped":0,"pct":100}}
,"C:\\Users\\Hp\\Desktop\\sabin\\oaf repos\\ussd\\ussd-sms\\healthy-path\\balance\\healthyPathOnBalance.js": {"lines":{"total":14,"covered":14,"skipped":0,"pct":100},"functions":{"total":1,"covered":1,"skipped":0,"pct":100},"statements":{"total":14,"covered":14,"skipped":0,"pct":100},"branches":{"total":4,"covered":4,"skipped":0,"pct":100}}
,"C:\\Users\\Hp\\Desktop\\sabin\\oaf repos\\ussd\\ussd-sms\\healthy-path\\repayments\\HealthyPathOnRepaymentReceipts.js": {"lines":{"total":12,"covered":12,"skipped":0,"pct":100},"functions":{"total":1,"covered":1,"skipped":0,"pct":100},"statements":{"total":12,"covered":12,"skipped":0,"pct":100},"branches":{"total":4,"covered":4,"skipped":0,"pct":100}}
,"C:\\Users\\Hp\\Desktop\\sabin\\oaf repos\\ussd\\ussd-sms\\healthy-path\\translations\\index.js": {"lines":{"total":1,"covered":1,"skipped":0,"pct":100},"functions":{"total":0,"covered":0,"skipped":0,"pct":100},"statements":{"total":1,"covered":1,"skipped":0,"pct":100},"branches":{"total":0,"covered":0,"skipped":0,"pct":100}}
,"C:\\Users\\Hp\\Desktop\\sabin\\oaf repos\\ussd\\ussd-sms\\healthy-path\\utils\\getHealthyPathPercentage.js": {"lines":{"total":17,"covered":17,"skipped":0,"pct":100},"functions":{"total":2,"covered":2,"skipped":0,"pct":100},"statements":{"total":17,"covered":17,"skipped":0,"pct":100},"branches":{"total":6,"covered":6,"skipped":0,"pct":100}}
,"C:\\Users\\Hp\\Desktop\\sabin\\oaf repos\\ussd\\ussd-sms\\healthy-path\\utils\\healthyPathCalculator.js": {"lines":{"total":3,"covered":3,"skipped":0,"pct":100},"functions":{"total":1,"covered":1,"skipped":0,"pct":100},"statements":{"total":3,"covered":3,"skipped":0,"pct":100},"branches":{"total":0,"covered":0,"skipped":0,"pct":100}}
,"C:\\Users\\Hp\\Desktop\\sabin\\oaf repos\\ussd\\ussd-sms\\just-in-time\\justInTime.js": {"lines":{"total":305,"covered":299,"skipped":0,"pct":98.03},"functions":{"total":28,"covered":28,"skipped":0,"pct":100},"statements":{"total":316,"covered":310,"skipped":0,"pct":98.1},"branches":{"total":110,"covered":86,"skipped":0,"pct":78.18}}
,"C:\\Users\\Hp\\Desktop\\sabin\\oaf repos\\ussd\\ussd-sms\\just-in-time\\test-client-data.js": {"lines":{"total":1,"covered":1,"skipped":0,"pct":100},"functions":{"total":0,"covered":0,"skipped":0,"pct":100},"statements":{"total":1,"covered":1,"skipped":0,"pct":100},"branches":{"total":0,"covered":0,"skipped":0,"pct":100}}
,"C:\\Users\\Hp\\Desktop\\sabin\\oaf repos\\ussd\\ussd-sms\\just-in-time\\translations.js": {"lines":{"total":1,"covered":1,"skipped":0,"pct":100},"functions":{"total":0,"covered":0,"skipped":0,"pct":100},"statements":{"total":1,"covered":1,"skipped":0,"pct":100},"branches":{"total":0,"covered":0,"skipped":0,"pct":100}}
,"C:\\Users\\Hp\\Desktop\\sabin\\oaf repos\\ussd\\ussd-sms\\just-in-time\\account-number-handler\\accountNumberHandler.js": {"lines":{"total":79,"covered":79,"skipped":0,"pct":100},"functions":{"total":9,"covered":9,"skipped":0,"pct":100},"statements":{"total":80,"covered":80,"skipped":0,"pct":100},"branches":{"total":38,"covered":34,"skipped":0,"pct":89.47}}
,"C:\\Users\\Hp\\Desktop\\sabin\\oaf repos\\ussd\\ussd-sms\\just-in-time\\add-order-handler\\addOrderHandler.js": {"lines":{"total":17,"covered":17,"skipped":0,"pct":100},"functions":{"total":2,"covered":2,"skipped":0,"pct":100},"statements":{"total":17,"covered":17,"skipped":0,"pct":100},"branches":{"total":6,"covered":6,"skipped":0,"pct":100}}
,"C:\\Users\\Hp\\Desktop\\sabin\\oaf repos\\ussd\\ussd-sms\\just-in-time\\bundle-choice-handler\\bundleChoiceHandler.js": {"lines":{"total":32,"covered":32,"skipped":0,"pct":100},"functions":{"total":3,"covered":3,"skipped":0,"pct":100},"statements":{"total":32,"covered":32,"skipped":0,"pct":100},"branches":{"total":18,"covered":16,"skipped":0,"pct":88.89}}
,"C:\\Users\\Hp\\Desktop\\sabin\\oaf repos\\ussd\\ussd-sms\\just-in-time\\order-confirmation-handler\\orderConfirmationHandler.js": {"lines":{"total":14,"covered":14,"skipped":0,"pct":100},"functions":{"total":2,"covered":2,"skipped":0,"pct":100},"statements":{"total":14,"covered":14,"skipped":0,"pct":100},"branches":{"total":4,"covered":4,"skipped":0,"pct":100}}
,"C:\\Users\\Hp\\Desktop\\sabin\\oaf repos\\ussd\\ussd-sms\\just-in-time\\order-more-handler\\orderMoreHandler.js": {"lines":{"total":6,"covered":6,"skipped":0,"pct":100},"functions":{"total":2,"covered":2,"skipped":0,"pct":100},"statements":{"total":6,"covered":6,"skipped":0,"pct":100},"branches":{"total":2,"covered":2,"skipped":0,"pct":100}}
,"C:\\Users\\Hp\\Desktop\\sabin\\oaf repos\\ussd\\ussd-sms\\just-in-time\\utils\\populate-bundles.js": {"lines":{"total":38,"covered":38,"skipped":0,"pct":100},"functions":{"total":1,"covered":1,"skipped":0,"pct":100},"statements":{"total":39,"covered":39,"skipped":0,"pct":100},"branches":{"total":12,"covered":12,"skipped":0,"pct":100}}
,"C:\\Users\\Hp\\Desktop\\sabin\\oaf repos\\ussd\\ussd-sms\\just-in-time\\variety-choice-handler\\varietyChoiceHandler.js": {"lines":{"total":49,"covered":49,"skipped":0,"pct":100},"functions":{"total":5,"covered":5,"skipped":0,"pct":100},"statements":{"total":50,"covered":50,"skipped":0,"pct":100},"branches":{"total":22,"covered":21,"skipped":0,"pct":95.45}}
,"C:\\Users\\Hp\\Desktop\\sabin\\oaf repos\\ussd\\ussd-sms\\just-in-time\\variety-confirmation-handler\\varietyConfirmationHandler.js": {"lines":{"total":11,"covered":11,"skipped":0,"pct":100},"functions":{"total":2,"covered":2,"skipped":0,"pct":100},"statements":{"total":11,"covered":11,"skipped":0,"pct":100},"branches":{"total":2,"covered":2,"skipped":0,"pct":100}}
,"C:\\Users\\Hp\\Desktop\\sabin\\oaf repos\\ussd\\ussd-sms\\kenya-trainings-menu\\createMenu.js": {"lines":{"total":29,"covered":29,"skipped":0,"pct":100},"functions":{"total":3,"covered":3,"skipped":0,"pct":100},"statements":{"total":29,"covered":29,"skipped":0,"pct":100},"branches":{"total":12,"covered":11,"skipped":0,"pct":91.67}}
,"C:\\Users\\Hp\\Desktop\\sabin\\oaf repos\\ussd\\ussd-sms\\kenya-trainings-menu\\options.js": {"lines":{"total":2,"covered":2,"skipped":0,"pct":100},"functions":{"total":1,"covered":1,"skipped":0,"pct":100},"statements":{"total":2,"covered":2,"skipped":0,"pct":100},"branches":{"total":0,"covered":0,"skipped":0,"pct":100}}
,"C:\\Users\\Hp\\Desktop\\sabin\\oaf repos\\ussd\\ussd-sms\\kenya-trainings-menu\\siteCanAccessNutrition.js": {"lines":{"total":10,"covered":10,"skipped":0,"pct":100},"functions":{"total":1,"covered":1,"skipped":0,"pct":100},"statements":{"total":10,"covered":10,"skipped":0,"pct":100},"branches":{"total":8,"covered":8,"skipped":0,"pct":100}}
,"C:\\Users\\Hp\\Desktop\\sabin\\oaf repos\\ussd\\ussd-sms\\logger\\data-table\\request-logger.js": {"lines":{"total":5,"covered":5,"skipped":0,"pct":100},"functions":{"total":1,"covered":1,"skipped":0,"pct":100},"statements":{"total":5,"covered":5,"skipped":0,"pct":100},"branches":{"total":0,"covered":0,"skipped":0,"pct":100}}
,"C:\\Users\\Hp\\Desktop\\sabin\\oaf repos\\ussd\\ussd-sms\\logger\\elk\\elk-logger.js": {"lines":{"total":37,"covered":37,"skipped":0,"pct":100},"functions":{"total":5,"covered":5,"skipped":0,"pct":100},"statements":{"total":38,"covered":38,"skipped":0,"pct":100},"branches":{"total":26,"covered":26,"skipped":0,"pct":100}}
,"C:\\Users\\Hp\\Desktop\\sabin\\oaf repos\\ussd\\ussd-sms\\maize-recommendation\\maizeRecommendation.js": {"lines":{"total":18,"covered":18,"skipped":0,"pct":100},"functions":{"total":1,"covered":1,"skipped":0,"pct":100},"statements":{"total":18,"covered":18,"skipped":0,"pct":100},"branches":{"total":6,"covered":6,"skipped":0,"pct":100}}
,"C:\\Users\\Hp\\Desktop\\sabin\\oaf repos\\ussd\\ussd-sms\\maize-recommendation\\triggerService.js": {"lines":{"total":9,"covered":9,"skipped":0,"pct":100},"functions":{"total":1,"covered":1,"skipped":0,"pct":100},"statements":{"total":9,"covered":9,"skipped":0,"pct":100},"branches":{"total":0,"covered":0,"skipped":0,"pct":100}}
,"C:\\Users\\Hp\\Desktop\\sabin\\oaf repos\\ussd\\ussd-sms\\maize-recommendation\\responseHandlers\\acresResponseHandler.js": {"lines":{"total":29,"covered":29,"skipped":0,"pct":100},"functions":{"total":2,"covered":2,"skipped":0,"pct":100},"statements":{"total":29,"covered":29,"skipped":0,"pct":100},"branches":{"total":10,"covered":10,"skipped":0,"pct":100}}
,"C:\\Users\\Hp\\Desktop\\sabin\\oaf repos\\ussd\\ussd-sms\\maize-recommendation\\responseHandlers\\districtResponseHandler.js": {"lines":{"total":21,"covered":21,"skipped":0,"pct":100},"functions":{"total":2,"covered":2,"skipped":0,"pct":100},"statements":{"total":21,"covered":21,"skipped":0,"pct":100},"branches":{"total":2,"covered":2,"skipped":0,"pct":100}}
,"C:\\Users\\Hp\\Desktop\\sabin\\oaf repos\\ussd\\ussd-sms\\maize-recommendation\\responseHandlers\\maizeResponseHandler.js": {"lines":{"total":25,"covered":25,"skipped":0,"pct":100},"functions":{"total":2,"covered":2,"skipped":0,"pct":100},"statements":{"total":25,"covered":25,"skipped":0,"pct":100},"branches":{"total":8,"covered":7,"skipped":0,"pct":87.5}}
,"C:\\Users\\Hp\\Desktop\\sabin\\oaf repos\\ussd\\ussd-sms\\maize-recommendation\\responseHandlers\\seasonHandler.js": {"lines":{"total":28,"covered":28,"skipped":0,"pct":100},"functions":{"total":2,"covered":2,"skipped":0,"pct":100},"statements":{"total":28,"covered":28,"skipped":0,"pct":100},"branches":{"total":10,"covered":10,"skipped":0,"pct":100}}
,"C:\\Users\\Hp\\Desktop\\sabin\\oaf repos\\ussd\\ussd-sms\\maize-recommendation\\translations\\index.js": {"lines":{"total":1,"covered":1,"skipped":0,"pct":100},"functions":{"total":0,"covered":0,"skipped":0,"pct":100},"statements":{"total":1,"covered":1,"skipped":0,"pct":100},"branches":{"total":0,"covered":0,"skipped":0,"pct":100}}
,"C:\\Users\\Hp\\Desktop\\sabin\\oaf repos\\ussd\\ussd-sms\\malawi\\MalawiMain.js": {"lines":{"total":26,"covered":24,"skipped":0,"pct":92.31},"functions":{"total":1,"covered":1,"skipped":0,"pct":100},"statements":{"total":26,"covered":24,"skipped":0,"pct":92.31},"branches":{"total":6,"covered":4,"skipped":0,"pct":66.67}}
,"C:\\Users\\Hp\\Desktop\\sabin\\oaf repos\\ussd\\ussd-sms\\malawi\\validateProjectVariables.js": {"lines":{"total":6,"covered":6,"skipped":0,"pct":100},"functions":{"total":2,"covered":2,"skipped":0,"pct":100},"statements":{"total":6,"covered":6,"skipped":0,"pct":100},"branches":{"total":2,"covered":2,"skipped":0,"pct":100}}
,"C:\\Users\\Hp\\Desktop\\sabin\\oaf repos\\ussd\\ussd-sms\\malawi\\inputHandlers\\accountNumberInputHandler.js": {"lines":{"total":10,"covered":10,"skipped":0,"pct":100},"functions":{"total":1,"covered":1,"skipped":0,"pct":100},"statements":{"total":10,"covered":10,"skipped":0,"pct":100},"branches":{"total":2,"covered":2,"skipped":0,"pct":100}}
,"C:\\Users\\Hp\\Desktop\\sabin\\oaf repos\\ussd\\ussd-sms\\malawi\\inputHandlers\\inputHandlers.js": {"lines":{"total":2,"covered":2,"skipped":0,"pct":100},"functions":{"total":0,"covered":0,"skipped":0,"pct":100},"statements":{"total":2,"covered":2,"skipped":0,"pct":100},"branches":{"total":0,"covered":0,"skipped":0,"pct":100}}
,"C:\\Users\\Hp\\Desktop\\sabin\\oaf repos\\ussd\\ussd-sms\\malawi\\translations\\index.js": {"lines":{"total":1,"covered":1,"skipped":0,"pct":100},"functions":{"total":0,"covered":0,"skipped":0,"pct":100},"statements":{"total":1,"covered":1,"skipped":0,"pct":100},"branches":{"total":0,"covered":0,"skipped":0,"pct":100}}
,"C:\\Users\\Hp\\Desktop\\sabin\\oaf repos\\ussd\\ussd-sms\\malawi\\utils\\getClient.js": {"lines":{"total":14,"covered":14,"skipped":0,"pct":100},"functions":{"total":1,"covered":1,"skipped":0,"pct":100},"statements":{"total":14,"covered":14,"skipped":0,"pct":100},"branches":{"total":6,"covered":6,"skipped":0,"pct":100}}
,"C:\\Users\\Hp\\Desktop\\sabin\\oaf repos\\ussd\\ussd-sms\\mobile-money-receipts\\main.js": {"lines":{"total":11,"covered":11,"skipped":0,"pct":100},"functions":{"total":0,"covered":0,"skipped":0,"pct":100},"statements":{"total":12,"covered":12,"skipped":0,"pct":100},"branches":{"total":2,"covered":1,"skipped":0,"pct":50}}
,"C:\\Users\\Hp\\Desktop\\sabin\\oaf repos\\ussd\\ussd-sms\\mobile-money-receipts\\test-client-data.js": {"lines":{"total":2,"covered":2,"skipped":0,"pct":100},"functions":{"total":0,"covered":0,"skipped":0,"pct":100},"statements":{"total":2,"covered":2,"skipped":0,"pct":100},"branches":{"total":0,"covered":0,"skipped":0,"pct":100}}
,"C:\\Users\\Hp\\Desktop\\sabin\\oaf repos\\ussd\\ussd-sms\\mobile-money-receipts\\translations\\index.js": {"lines":{"total":7,"covered":7,"skipped":0,"pct":100},"functions":{"total":2,"covered":2,"skipped":0,"pct":100},"statements":{"total":7,"covered":7,"skipped":0,"pct":100},"branches":{"total":0,"covered":0,"skipped":0,"pct":100}}
,"C:\\Users\\Hp\\Desktop\\sabin\\oaf repos\\ussd\\ussd-sms\\notifications\\elk-notification\\elkNotification.js": {"lines":{"total":62,"covered":59,"skipped":0,"pct":95.16},"functions":{"total":1,"covered":1,"skipped":0,"pct":100},"statements":{"total":62,"covered":59,"skipped":0,"pct":95.16},"branches":{"total":4,"covered":1,"skipped":0,"pct":25}}
,"C:\\Users\\Hp\\Desktop\\sabin\\oaf repos\\ussd\\ussd-sms\\nutrition-training\\nutritionTraining.js": {"lines":{"total":11,"covered":11,"skipped":0,"pct":100},"functions":{"total":2,"covered":2,"skipped":0,"pct":100},"statements":{"total":11,"covered":11,"skipped":0,"pct":100},"branches":{"total":0,"covered":0,"skipped":0,"pct":100}}
,"C:\\Users\\Hp\\Desktop\\sabin\\oaf repos\\ussd\\ussd-sms\\nutrition-training\\triggerService.js": {"lines":{"total":10,"covered":10,"skipped":0,"pct":100},"functions":{"total":1,"covered":1,"skipped":0,"pct":100},"statements":{"total":10,"covered":10,"skipped":0,"pct":100},"branches":{"total":0,"covered":0,"skipped":0,"pct":100}}
,"C:\\Users\\Hp\\Desktop\\sabin\\oaf repos\\ussd\\ussd-sms\\nutrition-training\\responseHandlers\\batch1smsResponseHandler.js": {"lines":{"total":20,"covered":20,"skipped":0,"pct":100},"functions":{"total":3,"covered":3,"skipped":0,"pct":100},"statements":{"total":20,"covered":20,"skipped":0,"pct":100},"branches":{"total":8,"covered":8,"skipped":0,"pct":100}}
,"C:\\Users\\Hp\\Desktop\\sabin\\oaf repos\\ussd\\ussd-sms\\nutrition-training\\responseHandlers\\batch2smsResponseHandler.js": {"lines":{"total":19,"covered":19,"skipped":0,"pct":100},"functions":{"total":3,"covered":3,"skipped":0,"pct":100},"statements":{"total":19,"covered":19,"skipped":0,"pct":100},"branches":{"total":8,"covered":8,"skipped":0,"pct":100}}
,"C:\\Users\\Hp\\Desktop\\sabin\\oaf repos\\ussd\\ussd-sms\\nutrition-training\\translations\\index.js": {"lines":{"total":1,"covered":1,"skipped":0,"pct":100},"functions":{"total":0,"covered":0,"skipped":0,"pct":100},"statements":{"total":1,"covered":1,"skipped":0,"pct":100},"branches":{"total":0,"covered":0,"skipped":0,"pct":100}}
,"C:\\Users\\Hp\\Desktop\\sabin\\oaf repos\\ussd\\ussd-sms\\recurring-services\\cleanup-callback-ussd\\cleanupCallBackUSSD.js": {"lines":{"total":13,"covered":13,"skipped":0,"pct":100},"functions":{"total":2,"covered":2,"skipped":0,"pct":100},"statements":{"total":13,"covered":13,"skipped":0,"pct":100},"branches":{"total":0,"covered":0,"skipped":0,"pct":100}}
,"C:\\Users\\Hp\\Desktop\\sabin\\oaf repos\\ussd\\ussd-sms\\repayments\\repayments.js": {"lines":{"total":60,"covered":60,"skipped":0,"pct":100},"functions":{"total":2,"covered":2,"skipped":0,"pct":100},"statements":{"total":61,"covered":61,"skipped":0,"pct":100},"branches":{"total":22,"covered":22,"skipped":0,"pct":100}}
,"C:\\Users\\Hp\\Desktop\\sabin\\oaf repos\\ussd\\ussd-sms\\repayments\\validateProjectVariables.js": {"lines":{"total":6,"covered":6,"skipped":0,"pct":100},"functions":{"total":2,"covered":2,"skipped":0,"pct":100},"statements":{"total":6,"covered":6,"skipped":0,"pct":100},"branches":{"total":2,"covered":2,"skipped":0,"pct":100}}
,"C:\\Users\\Hp\\Desktop\\sabin\\oaf repos\\ussd\\ussd-sms\\repayments-rw\\repaymentsRw.js": {"lines":{"total":35,"covered":33,"skipped":0,"pct":94.29},"functions":{"total":0,"covered":0,"skipped":0,"pct":100},"statements":{"total":36,"covered":34,"skipped":0,"pct":94.44},"branches":{"total":18,"covered":15,"skipped":0,"pct":83.33}}
,"C:\\Users\\Hp\\Desktop\\sabin\\oaf repos\\ussd\\ussd-sms\\repayments-rw\\translations\\index.js": {"lines":{"total":1,"covered":1,"skipped":0,"pct":100},"functions":{"total":0,"covered":0,"skipped":0,"pct":100},"statements":{"total":1,"covered":1,"skipped":0,"pct":100},"branches":{"total":0,"covered":0,"skipped":0,"pct":100}}
,"C:\\Users\\Hp\\Desktop\\sabin\\oaf repos\\ussd\\ussd-sms\\repayments\\translations\\index.js": {"lines":{"total":1,"covered":1,"skipped":0,"pct":100},"functions":{"total":0,"covered":0,"skipped":0,"pct":100},"statements":{"total":1,"covered":1,"skipped":0,"pct":100},"branches":{"total":0,"covered":0,"skipped":0,"pct":100}}
,"C:\\Users\\Hp\\Desktop\\sabin\\oaf repos\\ussd\\ussd-sms\\seed-germination-issues\\seedGerminationIssues.js": {"lines":{"total":27,"covered":27,"skipped":0,"pct":100},"functions":{"total":1,"covered":1,"skipped":0,"pct":100},"statements":{"total":27,"covered":27,"skipped":0,"pct":100},"branches":{"total":0,"covered":0,"skipped":0,"pct":100}}
,"C:\\Users\\Hp\\Desktop\\sabin\\oaf repos\\ussd\\ussd-sms\\seed-germination-issues\\inputHandlers\\customSeedBrandInputHandler.js": {"lines":{"total":11,"covered":11,"skipped":0,"pct":100},"functions":{"total":2,"covered":2,"skipped":0,"pct":100},"statements":{"total":11,"covered":11,"skipped":0,"pct":100},"branches":{"total":0,"covered":0,"skipped":0,"pct":100}}
,"C:\\Users\\Hp\\Desktop\\sabin\\oaf repos\\ussd\\ussd-sms\\seed-germination-issues\\inputHandlers\\customSeedVarietyInputHandler.js": {"lines":{"total":11,"covered":11,"skipped":0,"pct":100},"functions":{"total":2,"covered":2,"skipped":0,"pct":100},"statements":{"total":11,"covered":11,"skipped":0,"pct":100},"branches":{"total":0,"covered":0,"skipped":0,"pct":100}}
,"C:\\Users\\Hp\\Desktop\\sabin\\oaf repos\\ussd\\ussd-sms\\seed-germination-issues\\inputHandlers\\dukaInputHandler.js": {"lines":{"total":32,"covered":32,"skipped":0,"pct":100},"functions":{"total":2,"covered":2,"skipped":0,"pct":100},"statements":{"total":32,"covered":32,"skipped":0,"pct":100},"branches":{"total":6,"covered":6,"skipped":0,"pct":100}}
,"C:\\Users\\Hp\\Desktop\\sabin\\oaf repos\\ussd\\ussd-sms\\seed-germination-issues\\inputHandlers\\lotCodeInputHandler.js": {"lines":{"total":18,"covered":18,"skipped":0,"pct":100},"functions":{"total":2,"covered":2,"skipped":0,"pct":100},"statements":{"total":18,"covered":18,"skipped":0,"pct":100},"branches":{"total":0,"covered":0,"skipped":0,"pct":100}}
,"C:\\Users\\Hp\\Desktop\\sabin\\oaf repos\\ussd\\ussd-sms\\seed-germination-issues\\inputHandlers\\monthInputHandler.js": {"lines":{"total":25,"covered":25,"skipped":0,"pct":100},"functions":{"total":2,"covered":2,"skipped":0,"pct":100},"statements":{"total":25,"covered":25,"skipped":0,"pct":100},"branches":{"total":6,"covered":6,"skipped":0,"pct":100}}
,"C:\\Users\\Hp\\Desktop\\sabin\\oaf repos\\ussd\\ussd-sms\\seed-germination-issues\\inputHandlers\\phoneNumberInputHandler.js": {"lines":{"total":14,"covered":14,"skipped":0,"pct":100},"functions":{"total":2,"covered":2,"skipped":0,"pct":100},"statements":{"total":14,"covered":14,"skipped":0,"pct":100},"branches":{"total":2,"covered":2,"skipped":0,"pct":100}}
,"C:\\Users\\Hp\\Desktop\\sabin\\oaf repos\\ussd\\ussd-sms\\seed-germination-issues\\inputHandlers\\registerInputHandlers.js": {"lines":{"total":19,"covered":19,"skipped":0,"pct":100},"functions":{"total":1,"covered":1,"skipped":0,"pct":100},"statements":{"total":19,"covered":19,"skipped":0,"pct":100},"branches":{"total":0,"covered":0,"skipped":0,"pct":100}}
,"C:\\Users\\Hp\\Desktop\\sabin\\oaf repos\\ussd\\ussd-sms\\seed-germination-issues\\inputHandlers\\seedBrandInputHandler.js": {"lines":{"total":44,"covered":44,"skipped":0,"pct":100},"functions":{"total":2,"covered":2,"skipped":0,"pct":100},"statements":{"total":44,"covered":44,"skipped":0,"pct":100},"branches":{"total":8,"covered":8,"skipped":0,"pct":100}}
,"C:\\Users\\Hp\\Desktop\\sabin\\oaf repos\\ussd\\ussd-sms\\seed-germination-issues\\inputHandlers\\seedVarietyInputHandler.js": {"lines":{"total":22,"covered":22,"skipped":0,"pct":100},"functions":{"total":2,"covered":2,"skipped":0,"pct":100},"statements":{"total":22,"covered":22,"skipped":0,"pct":100},"branches":{"total":6,"covered":6,"skipped":0,"pct":100}}
,"C:\\Users\\Hp\\Desktop\\sabin\\oaf repos\\ussd\\ussd-sms\\seed-germination-issues\\inputHandlers\\weekInputHandler.js": {"lines":{"total":17,"covered":17,"skipped":0,"pct":100},"functions":{"total":2,"covered":2,"skipped":0,"pct":100},"statements":{"total":17,"covered":17,"skipped":0,"pct":100},"branches":{"total":2,"covered":2,"skipped":0,"pct":100}}
,"C:\\Users\\Hp\\Desktop\\sabin\\oaf repos\\ussd\\ussd-sms\\seed-germination-issues\\translations\\index.js": {"lines":{"total":1,"covered":1,"skipped":0,"pct":100},"functions":{"total":0,"covered":0,"skipped":0,"pct":100},"statements":{"total":1,"covered":1,"skipped":0,"pct":100},"branches":{"total":0,"covered":0,"skipped":0,"pct":100}}
,"C:\\Users\\Hp\\Desktop\\sabin\\oaf repos\\ussd\\ussd-sms\\shared\\createMenu.js": {"lines":{"total":19,"covered":19,"skipped":0,"pct":100},"functions":{"total":2,"covered":2,"skipped":0,"pct":100},"statements":{"total":19,"covered":19,"skipped":0,"pct":100},"branches":{"total":14,"covered":13,"skipped":0,"pct":92.86}}
,"C:\\Users\\Hp\\Desktop\\sabin\\oaf repos\\ussd\\ussd-sms\\shared\\triggerService.js": {"lines":{"total":6,"covered":6,"skipped":0,"pct":100},"functions":{"total":1,"covered":1,"skipped":0,"pct":100},"statements":{"total":6,"covered":6,"skipped":0,"pct":100},"branches":{"total":0,"covered":0,"skipped":0,"pct":100}}
,"C:\\Users\\Hp\\Desktop\\sabin\\oaf repos\\ussd\\ussd-sms\\shared\\rosterApi\\checkForGroupLeader.js": {"lines":{"total":15,"covered":15,"skipped":0,"pct":100},"functions":{"total":1,"covered":1,"skipped":0,"pct":100},"statements":{"total":15,"covered":15,"skipped":0,"pct":100},"branches":{"total":2,"covered":2,"skipped":0,"pct":100}}
,"C:\\Users\\Hp\\Desktop\\sabin\\oaf repos\\ussd\\ussd-sms\\shared\\rosterApi\\getClient.js": {"lines":{"total":13,"covered":12,"skipped":0,"pct":92.31},"functions":{"total":1,"covered":1,"skipped":0,"pct":100},"statements":{"total":13,"covered":12,"skipped":0,"pct":92.31},"branches":{"total":2,"covered":2,"skipped":0,"pct":100}}
,"C:\\Users\\Hp\\Desktop\\sabin\\oaf repos\\ussd\\ussd-sms\\shared\\rosterApi\\getHealthyPathData.js": {"lines":{"total":19,"covered":19,"skipped":0,"pct":100},"functions":{"total":1,"covered":1,"skipped":0,"pct":100},"statements":{"total":19,"covered":19,"skipped":0,"pct":100},"branches":{"total":2,"covered":2,"skipped":0,"pct":100}}
,"C:\\Users\\Hp\\Desktop\\sabin\\oaf repos\\ussd\\ussd-sms\\shared\\rosterApi\\getPhoneNumber.js": {"lines":{"total":17,"covered":16,"skipped":0,"pct":94.12},"functions":{"total":1,"covered":1,"skipped":0,"pct":100},"statements":{"total":17,"covered":16,"skipped":0,"pct":94.12},"branches":{"total":2,"covered":2,"skipped":0,"pct":100}}
,"C:\\Users\\Hp\\Desktop\\sabin\\oaf repos\\ussd\\ussd-sms\\shared\\rosterApi\\getProductExpirationInfo.js": {"lines":{"total":18,"covered":17,"skipped":0,"pct":94.44},"functions":{"total":1,"covered":1,"skipped":0,"pct":100},"statements":{"total":18,"covered":17,"skipped":0,"pct":94.44},"branches":{"total":2,"covered":2,"skipped":0,"pct":100}}
,"C:\\Users\\Hp\\Desktop\\sabin\\oaf repos\\ussd\\ussd-sms\\shared\\rosterApi\\registerClient.js": {"lines":{"total":20,"covered":18,"skipped":0,"pct":90},"functions":{"total":1,"covered":1,"skipped":0,"pct":100},"statements":{"total":20,"covered":18,"skipped":0,"pct":90},"branches":{"total":4,"covered":4,"skipped":0,"pct":100}}
,"C:\\Users\\Hp\\Desktop\\sabin\\oaf repos\\ussd\\ussd-sms\\shared\\rosterApi\\verifyGroup.js": {"lines":{"total":17,"covered":16,"skipped":0,"pct":94.12},"functions":{"total":1,"covered":1,"skipped":0,"pct":100},"statements":{"total":17,"covered":16,"skipped":0,"pct":94.12},"branches":{"total":2,"covered":2,"skipped":0,"pct":100}}
,"C:\\Users\\Hp\\Desktop\\sabin\\oaf repos\\ussd\\ussd-sms\\slack-logger\\index.js": {"lines":{"total":4,"covered":4,"skipped":0,"pct":100},"functions":{"total":1,"covered":1,"skipped":0,"pct":100},"statements":{"total":4,"covered":4,"skipped":0,"pct":100},"branches":{"total":0,"covered":0,"skipped":0,"pct":100}}
,"C:\\Users\\Hp\\Desktop\\sabin\\oaf repos\\ussd\\ussd-sms\\soil-fertility-trainings\\soilFertilityTraining.js": {"lines":{"total":20,"covered":18,"skipped":0,"pct":90},"functions":{"total":2,"covered":2,"skipped":0,"pct":100},"statements":{"total":20,"covered":18,"skipped":0,"pct":90},"branches":{"total":6,"covered":4,"skipped":0,"pct":66.67}}
,"C:\\Users\\Hp\\Desktop\\sabin\\oaf repos\\ussd\\ussd-sms\\soil-fertility-trainings\\triggerService.js": {"lines":{"total":10,"covered":10,"skipped":0,"pct":100},"functions":{"total":1,"covered":1,"skipped":0,"pct":100},"statements":{"total":10,"covered":10,"skipped":0,"pct":100},"branches":{"total":0,"covered":0,"skipped":0,"pct":100}}
,"C:\\Users\\Hp\\Desktop\\sabin\\oaf repos\\ussd\\ussd-sms\\soil-fertility-trainings\\responseHandlers\\batch1ResponseHandler.js": {"lines":{"total":13,"covered":13,"skipped":0,"pct":100},"functions":{"total":3,"covered":3,"skipped":0,"pct":100},"statements":{"total":13,"covered":13,"skipped":0,"pct":100},"branches":{"total":0,"covered":0,"skipped":0,"pct":100}}
,"C:\\Users\\Hp\\Desktop\\sabin\\oaf repos\\ussd\\ussd-sms\\soil-fertility-trainings\\responseHandlers\\batch2ResponseHandler.js": {"lines":{"total":13,"covered":13,"skipped":0,"pct":100},"functions":{"total":3,"covered":3,"skipped":0,"pct":100},"statements":{"total":13,"covered":13,"skipped":0,"pct":100},"branches":{"total":0,"covered":0,"skipped":0,"pct":100}}
,"C:\\Users\\Hp\\Desktop\\sabin\\oaf repos\\ussd\\ussd-sms\\soil-fertility-trainings\\responseHandlers\\batch3ResponseHandler.js": {"lines":{"total":13,"covered":13,"skipped":0,"pct":100},"functions":{"total":3,"covered":3,"skipped":0,"pct":100},"statements":{"total":13,"covered":13,"skipped":0,"pct":100},"branches":{"total":0,"covered":0,"skipped":0,"pct":100}}
,"C:\\Users\\Hp\\Desktop\\sabin\\oaf repos\\ussd\\ussd-sms\\soil-fertility-trainings\\responseHandlers\\batch4ResponseHandler.js": {"lines":{"total":13,"covered":13,"skipped":0,"pct":100},"functions":{"total":3,"covered":3,"skipped":0,"pct":100},"statements":{"total":13,"covered":13,"skipped":0,"pct":100},"branches":{"total":0,"covered":0,"skipped":0,"pct":100}}
,"C:\\Users\\Hp\\Desktop\\sabin\\oaf repos\\ussd\\ussd-sms\\soil-fertility-trainings\\responseHandlers\\batch5ResponseHandler.js": {"lines":{"total":16,"covered":16,"skipped":0,"pct":100},"functions":{"total":2,"covered":2,"skipped":0,"pct":100},"statements":{"total":16,"covered":16,"skipped":0,"pct":100},"branches":{"total":4,"covered":4,"skipped":0,"pct":100}}
,"C:\\Users\\Hp\\Desktop\\sabin\\oaf repos\\ussd\\ussd-sms\\soil-fertility-trainings\\responseHandlers\\batch6ResponseHandler.js": {"lines":{"total":13,"covered":13,"skipped":0,"pct":100},"functions":{"total":3,"covered":3,"skipped":0,"pct":100},"statements":{"total":13,"covered":13,"skipped":0,"pct":100},"branches":{"total":0,"covered":0,"skipped":0,"pct":100}}
,"C:\\Users\\Hp\\Desktop\\sabin\\oaf repos\\ussd\\ussd-sms\\soil-fertility-trainings\\responseHandlers\\batch7ResponseHandler.js": {"lines":{"total":10,"covered":10,"skipped":0,"pct":100},"functions":{"total":2,"covered":2,"skipped":0,"pct":100},"statements":{"total":10,"covered":10,"skipped":0,"pct":100},"branches":{"total":0,"covered":0,"skipped":0,"pct":100}}
,"C:\\Users\\Hp\\Desktop\\sabin\\oaf repos\\ussd\\ussd-sms\\soil-fertility-trainings\\translations\\index.js": {"lines":{"total":1,"covered":1,"skipped":0,"pct":100},"functions":{"total":0,"covered":0,"skipped":0,"pct":100},"statements":{"total":1,"covered":1,"skipped":0,"pct":100},"branches":{"total":0,"covered":0,"skipped":0,"pct":100}}
,"C:\\Users\\Hp\\Desktop\\sabin\\oaf repos\\ussd\\ussd-sms\\tester-pack\\testerPack.js": {"lines":{"total":15,"covered":15,"skipped":0,"pct":100},"functions":{"total":2,"covered":2,"skipped":0,"pct":100},"statements":{"total":15,"covered":15,"skipped":0,"pct":100},"branches":{"total":0,"covered":0,"skipped":0,"pct":100}}
,"C:\\Users\\Hp\\Desktop\\sabin\\oaf repos\\ussd\\ussd-sms\\tester-pack\\confirmation\\confirmTesterPackReception.js": {"lines":{"total":25,"covered":25,"skipped":0,"pct":100},"functions":{"total":2,"covered":2,"skipped":0,"pct":100},"statements":{"total":25,"covered":25,"skipped":0,"pct":100},"branches":{"total":0,"covered":0,"skipped":0,"pct":100}}
,"C:\\Users\\Hp\\Desktop\\sabin\\oaf repos\\ussd\\ussd-sms\\tester-pack\\confirmation\\inputHandlers\\cellHandler.js": {"lines":{"total":34,"covered":34,"skipped":0,"pct":100},"functions":{"total":1,"covered":1,"skipped":0,"pct":100},"statements":{"total":34,"covered":34,"skipped":0,"pct":100},"branches":{"total":6,"covered":6,"skipped":0,"pct":100}}
,"C:\\Users\\Hp\\Desktop\\sabin\\oaf repos\\ussd\\ussd-sms\\tester-pack\\confirmation\\inputHandlers\\districtsHandler.js": {"lines":{"total":32,"covered":32,"skipped":0,"pct":100},"functions":{"total":1,"covered":1,"skipped":0,"pct":100},"statements":{"total":32,"covered":32,"skipped":0,"pct":100},"branches":{"total":6,"covered":6,"skipped":0,"pct":100}}
,"C:\\Users\\Hp\\Desktop\\sabin\\oaf repos\\ussd\\ussd-sms\\tester-pack\\confirmation\\inputHandlers\\farmerHandler.js": {"lines":{"total":19,"covered":19,"skipped":0,"pct":100},"functions":{"total":1,"covered":1,"skipped":0,"pct":100},"statements":{"total":19,"covered":19,"skipped":0,"pct":100},"branches":{"total":6,"covered":6,"skipped":0,"pct":100}}
,"C:\\Users\\Hp\\Desktop\\sabin\\oaf repos\\ussd\\ussd-sms\\tester-pack\\confirmation\\inputHandlers\\lastfourNidDigitsHandler.js": {"lines":{"total":14,"covered":14,"skipped":0,"pct":100},"functions":{"total":1,"covered":1,"skipped":0,"pct":100},"statements":{"total":14,"covered":14,"skipped":0,"pct":100},"branches":{"total":2,"covered":2,"skipped":0,"pct":100}}
,"C:\\Users\\Hp\\Desktop\\sabin\\oaf repos\\ussd\\ussd-sms\\tester-pack\\confirmation\\inputHandlers\\provinceHandler.js": {"lines":{"total":28,"covered":28,"skipped":0,"pct":100},"functions":{"total":1,"covered":1,"skipped":0,"pct":100},"statements":{"total":28,"covered":28,"skipped":0,"pct":100},"branches":{"total":2,"covered":2,"skipped":0,"pct":100}}
,"C:\\Users\\Hp\\Desktop\\sabin\\oaf repos\\ussd\\ussd-sms\\tester-pack\\confirmation\\inputHandlers\\receptionHandler.js": {"lines":{"total":37,"covered":37,"skipped":0,"pct":100},"functions":{"total":1,"covered":1,"skipped":0,"pct":100},"statements":{"total":37,"covered":37,"skipped":0,"pct":100},"branches":{"total":20,"covered":18,"skipped":0,"pct":90}}
,"C:\\Users\\Hp\\Desktop\\sabin\\oaf repos\\ussd\\ussd-sms\\tester-pack\\confirmation\\inputHandlers\\sectorsHandler.js": {"lines":{"total":32,"covered":32,"skipped":0,"pct":100},"functions":{"total":1,"covered":1,"skipped":0,"pct":100},"statements":{"total":32,"covered":32,"skipped":0,"pct":100},"branches":{"total":6,"covered":6,"skipped":0,"pct":100}}
,"C:\\Users\\Hp\\Desktop\\sabin\\oaf repos\\ussd\\ussd-sms\\tester-pack\\confirmation\\inputHandlers\\villageHandler.js": {"lines":{"total":43,"covered":43,"skipped":0,"pct":100},"functions":{"total":1,"covered":1,"skipped":0,"pct":100},"statements":{"total":43,"covered":43,"skipped":0,"pct":100},"branches":{"total":8,"covered":8,"skipped":0,"pct":100}}
,"C:\\Users\\Hp\\Desktop\\sabin\\oaf repos\\ussd\\ussd-sms\\tester-pack\\confirmation\\translations\\index.js": {"lines":{"total":2,"covered":2,"skipped":0,"pct":100},"functions":{"total":0,"covered":0,"skipped":0,"pct":100},"statements":{"total":2,"covered":2,"skipped":0,"pct":100},"branches":{"total":0,"covered":0,"skipped":0,"pct":100}}
,"C:\\Users\\Hp\\Desktop\\sabin\\oaf repos\\ussd\\ussd-sms\\tester-pack\\confirmation\\utils\\createLocationMenu.js": {"lines":{"total":20,"covered":20,"skipped":0,"pct":100},"functions":{"total":2,"covered":2,"skipped":0,"pct":100},"statements":{"total":20,"covered":20,"skipped":0,"pct":100},"branches":{"total":8,"covered":7,"skipped":0,"pct":87.5}}
,"C:\\Users\\Hp\\Desktop\\sabin\\oaf repos\\ussd\\ussd-sms\\tester-pack\\inputHandlers\\testerPackMenuHandler.js": {"lines":{"total":16,"covered":16,"skipped":0,"pct":100},"functions":{"total":1,"covered":1,"skipped":0,"pct":100},"statements":{"total":16,"covered":16,"skipped":0,"pct":100},"branches":{"total":6,"covered":6,"skipped":0,"pct":100}}
,"C:\\Users\\Hp\\Desktop\\sabin\\oaf repos\\ussd\\ussd-sms\\tester-pack\\registration\\testerPackRegistration.js": {"lines":{"total":8,"covered":8,"skipped":0,"pct":100},"functions":{"total":1,"covered":1,"skipped":0,"pct":100},"statements":{"total":8,"covered":8,"skipped":0,"pct":100},"branches":{"total":0,"covered":0,"skipped":0,"pct":100}}
,"C:\\Users\\Hp\\Desktop\\sabin\\oaf repos\\ussd\\ussd-sms\\tester-pack\\registration\\translations\\index.js": {"lines":{"total":1,"covered":1,"skipped":0,"pct":100},"functions":{"total":0,"covered":0,"skipped":0,"pct":100},"statements":{"total":1,"covered":1,"skipped":0,"pct":100},"branches":{"total":0,"covered":0,"skipped":0,"pct":100}}
,"C:\\Users\\Hp\\Desktop\\sabin\\oaf repos\\ussd\\ussd-sms\\tester-pack\\status\\status.js": {"lines":{"total":13,"covered":13,"skipped":0,"pct":100},"functions":{"total":2,"covered":2,"skipped":0,"pct":100},"statements":{"total":13,"covered":13,"skipped":0,"pct":100},"branches":{"total":0,"covered":0,"skipped":0,"pct":100}}
,"C:\\Users\\Hp\\Desktop\\sabin\\oaf repos\\ussd\\ussd-sms\\tester-pack\\status\\inputHandlers\\nextScreensHandler.js": {"lines":{"total":8,"covered":8,"skipped":0,"pct":100},"functions":{"total":1,"covered":1,"skipped":0,"pct":100},"statements":{"total":8,"covered":8,"skipped":0,"pct":100},"branches":{"total":6,"covered":5,"skipped":0,"pct":83.33}}
,"C:\\Users\\Hp\\Desktop\\sabin\\oaf repos\\ussd\\ussd-sms\\tester-pack\\status\\inputHandlers\\registeredConfirmedHandler.js": {"lines":{"total":28,"covered":28,"skipped":0,"pct":100},"functions":{"total":1,"covered":1,"skipped":0,"pct":100},"statements":{"total":28,"covered":28,"skipped":0,"pct":100},"branches":{"total":8,"covered":8,"skipped":0,"pct":100}}
,"C:\\Users\\Hp\\Desktop\\sabin\\oaf repos\\ussd\\ussd-sms\\tester-pack\\status\\inputHandlers\\villageIdHandler.js": {"lines":{"total":28,"covered":28,"skipped":0,"pct":100},"functions":{"total":1,"covered":1,"skipped":0,"pct":100},"statements":{"total":28,"covered":28,"skipped":0,"pct":100},"branches":{"total":4,"covered":4,"skipped":0,"pct":100}}
,"C:\\Users\\Hp\\Desktop\\sabin\\oaf repos\\ussd\\ussd-sms\\tester-pack\\status\\translations\\index.js": {"lines":{"total":2,"covered":2,"skipped":0,"pct":100},"functions":{"total":0,"covered":0,"skipped":0,"pct":100},"statements":{"total":2,"covered":2,"skipped":0,"pct":100},"branches":{"total":0,"covered":0,"skipped":0,"pct":100}}
,"C:\\Users\\Hp\\Desktop\\sabin\\oaf repos\\ussd\\ussd-sms\\tester-pack\\translations\\index.js": {"lines":{"total":2,"covered":2,"skipped":0,"pct":100},"functions":{"total":0,"covered":0,"skipped":0,"pct":100},"statements":{"total":2,"covered":2,"skipped":0,"pct":100},"branches":{"total":0,"covered":0,"skipped":0,"pct":100}}
,"C:\\Users\\Hp\\Desktop\\sabin\\oaf repos\\ussd\\ussd-sms\\tester-pack\\utils\\createFarmersMenu.js": {"lines":{"total":19,"covered":19,"skipped":0,"pct":100},"functions":{"total":2,"covered":2,"skipped":0,"pct":100},"statements":{"total":19,"covered":19,"skipped":0,"pct":100},"branches":{"total":8,"covered":8,"skipped":0,"pct":100}}
,"C:\\Users\\Hp\\Desktop\\sabin\\oaf repos\\ussd\\ussd-sms\\transaction-history\\transactionHistory.js": {"lines":{"total":50,"covered":48,"skipped":0,"pct":96},"functions":{"total":6,"covered":6,"skipped":0,"pct":100},"statements":{"total":50,"covered":48,"skipped":0,"pct":96},"branches":{"total":22,"covered":21,"skipped":0,"pct":95.45}}
,"C:\\Users\\Hp\\Desktop\\sabin\\oaf repos\\ussd\\ussd-sms\\transaction-history\\translations.js": {"lines":{"total":1,"covered":1,"skipped":0,"pct":100},"functions":{"total":0,"covered":0,"skipped":0,"pct":100},"statements":{"total":1,"covered":1,"skipped":0,"pct":100},"branches":{"total":0,"covered":0,"skipped":0,"pct":100}}
,"C:\\Users\\Hp\\Desktop\\sabin\\oaf repos\\ussd\\ussd-sms\\transaction-history\\display-transactions\\displayTransactions.js": {"lines":{"total":22,"covered":22,"skipped":0,"pct":100},"functions":{"total":3,"covered":3,"skipped":0,"pct":100},"statements":{"total":22,"covered":22,"skipped":0,"pct":100},"branches":{"total":18,"covered":18,"skipped":0,"pct":100}}
,"C:\\Users\\Hp\\Desktop\\sabin\\oaf repos\\ussd\\ussd-sms\\transaction-history\\get-transaction-history\\getTransactionHistory.js": {"lines":{"total":17,"covered":17,"skipped":0,"pct":100},"functions":{"total":1,"covered":1,"skipped":0,"pct":100},"statements":{"total":17,"covered":17,"skipped":0,"pct":100},"branches":{"total":2,"covered":2,"skipped":0,"pct":100}}
,"C:\\Users\\Hp\\Desktop\\sabin\\oaf repos\\ussd\\ussd-sms\\transaction-history\\id-verification\\idVerification.js": {"lines":{"total":16,"covered":16,"skipped":0,"pct":100},"functions":{"total":2,"covered":2,"skipped":0,"pct":100},"statements":{"total":16,"covered":16,"skipped":0,"pct":100},"branches":{"total":8,"covered":8,"skipped":0,"pct":100}}
,"C:\\Users\\Hp\\Desktop\\sabin\\oaf repos\\ussd\\ussd-sms\\transaction-history\\selection-hander\\on-select.js": {"lines":{"total":6,"covered":6,"skipped":0,"pct":100},"functions":{"total":2,"covered":2,"skipped":0,"pct":100},"statements":{"total":6,"covered":6,"skipped":0,"pct":100},"branches":{"total":0,"covered":0,"skipped":0,"pct":100}}
,"C:\\Users\\Hp\\Desktop\\sabin\\oaf repos\\ussd\\ussd-sms\\utils\\translator\\translator.js": {"lines":{"total":16,"covered":16,"skipped":0,"pct":100},"functions":{"total":5,"covered":5,"skipped":0,"pct":100},"statements":{"total":20,"covered":20,"skipped":0,"pct":100},"branches":{"total":17,"covered":17,"skipped":0,"pct":100}}
,"C:\\Users\\Hp\\Desktop\\sabin\\oaf repos\\ussd\\ussd-sms\\warranty-expiration\\translations.js": {"lines":{"total":1,"covered":1,"skipped":0,"pct":100},"functions":{"total":0,"covered":0,"skipped":0,"pct":100},"statements":{"total":1,"covered":1,"skipped":0,"pct":100},"branches":{"total":0,"covered":0,"skipped":0,"pct":100}}
,"C:\\Users\\Hp\\Desktop\\sabin\\oaf repos\\ussd\\ussd-sms\\warranty-expiration\\warrantyExpiration.js": {"lines":{"total":20,"covered":20,"skipped":0,"pct":100},"functions":{"total":3,"covered":3,"skipped":0,"pct":100},"statements":{"total":20,"covered":20,"skipped":0,"pct":100},"branches":{"total":2,"covered":2,"skipped":0,"pct":100}}
,"C:\\Users\\Hp\\Desktop\\sabin\\oaf repos\\ussd\\ussd-sms\\warranty-expiration\\serial-number-handler\\serialNumberHandler.js": {"lines":{"total":14,"covered":14,"skipped":0,"pct":100},"functions":{"total":2,"covered":2,"skipped":0,"pct":100},"statements":{"total":14,"covered":14,"skipped":0,"pct":100},"branches":{"total":2,"covered":2,"skipped":0,"pct":100}}
}
